<?xml version="1.0" encoding="UTF-8"?>
<robot generator="Robot 7.2.2 (Python 3.13.2 on win32)" generated="2025-04-18T22:30:43.114990" rpa="false" schemaversion="5">
<suite id="s1" name="Notification.Test" source="C:\.Cahya\learn\automation testing\cms-vehicle-robot\tests\notification.test.robot">
<test id="s1-t1" name="Validate Notification Button is navigate to Notification Page" line="11">
<kw name="New Browser" owner="Browser" type="SETUP">
<msg time="2025-04-18T22:30:43.256543" level="INFO">{"browser": "chromium", "headless": false, "chromiumSandbox": false, "devtools": false, "handleSIGHUP": true, "handleSIGINT": true, "handleSIGTERM": true, "slowMo": 0.0, "timeout": 30000.0, "tracesDir": "C:\\.Cahya\\learn\\automation testing\\cms-vehicle-robot\\tests\\browser\\traces\\temp\\5a964e04-5782-4ff4-9f7f-f764f2e3dd28"}</msg>
<msg time="2025-04-18T22:30:43.285666" level="INFO">Starting Browser process C:\Users\cahya\AppData\Local\Programs\Python\Python313\Lib\site-packages\Browser\wrapper\index.js using port 49887</msg>
<msg time="2025-04-18T22:30:43.285784" level="INFO">Node startup parameters: ['node', 'C:\\Users\\cahya\\AppData\\Local\\Programs\\Python\\Python313\\Lib\\site-packages\\Browser\\wrapper\\index.js', '49887']</msg>
<msg time="2025-04-18T22:30:44.104643" level="INFO">Successfully created browser with options: {"browser":"chromium","headless":false,"chromiumSandbox":false,"devtools":false,"handleSIGHUP":true,"handleSIGINT":true,"handleSIGTERM":true,"slowMo":0,"timeout":30000,"tracesDir":"C:\\.Cahya\\learn\\automation testing\\cms-vehicle-robot\\tests\\browser\\traces\\temp\\5a964e04-5782-4ff4-9f7f-f764f2e3dd28"}</msg>
<arg>headless=false</arg>
<tag>BrowserControl</tag>
<tag>Setter</tag>
<doc>Create a new playwright Browser with specified options.</doc>
<status status="PASS" start="2025-04-18T22:30:43.255778" elapsed="0.849054"/>
</kw>
<kw name="Signin CMS" owner="signin_keyword">
<kw name="Get From Dictionary" owner="Collections">
<msg time="2025-04-18T22:30:44.106176" level="INFO">${EMAIL} = hello@parkee.app</msg>
<var>${EMAIL}</var>
<arg>${${role}}</arg>
<arg>EMAIL</arg>
<doc>Returns a value from the given ``dictionary`` based on the given ``key``.</doc>
<status status="PASS" start="2025-04-18T22:30:44.105813" elapsed="0.000395"/>
</kw>
<kw name="Get From Dictionary" owner="Collections">
<msg time="2025-04-18T22:30:44.106694" level="INFO">${PASSWORD} = kinship-consult-timpani1</msg>
<var>${PASSWORD}</var>
<arg>${${role}}</arg>
<arg>PASSWORD</arg>
<doc>Returns a value from the given ``dictionary`` based on the given ``key``.</doc>
<status status="PASS" start="2025-04-18T22:30:44.106362" elapsed="0.000360"/>
</kw>
<kw name="Open sign in page" owner="signin_keyword">
<kw name="New Page" owner="Browser">
<msg time="2025-04-18T22:30:46.452284" level="INFO">Successfully initialized new page object and opened url: https://new-cms-staging.parkee.app/</msg>
<msg time="2025-04-18T22:30:46.452372" level="INFO">No context was open. New context was automatically opened when this page is created.</msg>
<arg>${BASE_URL}</arg>
<tag>BrowserControl</tag>
<tag>Setter</tag>
<doc>Open a new Page.</doc>
<status status="PASS" start="2025-04-18T22:30:44.107147" elapsed="2.345390"/>
</kw>
<status status="PASS" start="2025-04-18T22:30:44.106855" elapsed="2.345816"/>
</kw>
<kw name="Fill email field in sign in page" owner="signin_keyword">
<kw name="Fill Text" owner="Browser">
<msg time="2025-04-18T22:30:46.453680" level="INFO">Fills the text 'hello@parkee.app' in the given field.</msg>
<arg>${EMAIL_FIELD}</arg>
<arg>${value}</arg>
<tag>PageContent</tag>
<tag>Setter</tag>
<doc>Clears and fills the given ``txt`` into the text field found by ``selector``.</doc>
<status status="PASS" start="2025-04-18T22:30:46.453334" elapsed="0.882559"/>
</kw>
<arg>${EMAIL}</arg>
<status status="PASS" start="2025-04-18T22:30:46.452886" elapsed="0.883178"/>
</kw>
<kw name="Fill password field in sign in page" owner="signin_keyword">
<kw name="Fill Text" owner="Browser">
<msg time="2025-04-18T22:30:47.337136" level="INFO">Fills the text 'kinship-consult-timpani1' in the given field.</msg>
<arg>${PASSWORD_FIELD}</arg>
<arg>${value}</arg>
<tag>PageContent</tag>
<tag>Setter</tag>
<doc>Clears and fills the given ``txt`` into the text field found by ``selector``.</doc>
<status status="PASS" start="2025-04-18T22:30:47.336731" elapsed="0.013063"/>
</kw>
<arg>${PASSWORD}</arg>
<status status="PASS" start="2025-04-18T22:30:47.336249" elapsed="0.013656"/>
</kw>
<kw name="Click sign in button in sign in page" owner="signin_keyword">
<kw name="Click" owner="Browser">
<msg time="2025-04-18T22:30:47.350789" level="INFO">Clicks the element 'id=signIn-signInButton'.</msg>
<arg>${SIGNIN_BUTTON}</arg>
<tag>PageContent</tag>
<tag>Setter</tag>
<doc>Simulates mouse click on the element found by ``selector``.</doc>
<status status="PASS" start="2025-04-18T22:30:47.350424" elapsed="0.040881"/>
</kw>
<status status="PASS" start="2025-04-18T22:30:47.350046" elapsed="0.041370"/>
</kw>
<status status="PASS" start="2025-04-18T22:30:44.105330" elapsed="3.286124"/>
</kw>
<kw name="Click Notification Menu from sidebar" owner="notification_keyword">
<kw name="Click" owner="Browser">
<msg time="2025-04-18T22:30:47.392375" level="INFO">Clicks the element 'id=menu-Backoffice-Notification'.</msg>
<arg>${NOTIFICATION_MENU}</arg>
<tag>PageContent</tag>
<tag>Setter</tag>
<doc>Simulates mouse click on the element found by ``selector``.</doc>
<status status="PASS" start="2025-04-18T22:30:47.392042" elapsed="1.372665"/>
</kw>
<kw name="Wait For Navigation" owner="Browser">
<arg>${BASE_URL}${ENDPOINT_NOTIFICATION_URL}</arg>
<tag>HTTP</tag>
<tag>Wait</tag>
<doc>Waits until page has navigated to given ``url``.</doc>
<status status="PASS" start="2025-04-18T22:30:48.764970" elapsed="0.237891"/>
</kw>
<status status="PASS" start="2025-04-18T22:30:47.391704" elapsed="1.611298"/>
</kw>
<kw name="Verify user is on notification Page" owner="notification_keyword">
<kw name="Get Url" owner="Browser">
<msg time="2025-04-18T22:30:49.007927" level="INFO">${CURRENT_URL} = https://new-cms-staging.parkee.app/dashboard/notifications/</msg>
<var>${CURRENT_URL}</var>
<tag>Assertion</tag>
<tag>Getter</tag>
<tag>PageContent</tag>
<doc>Returns the current URL.</doc>
<status status="PASS" start="2025-04-18T22:30:49.003945" elapsed="0.004042"/>
</kw>
<kw name="Should Contain" owner="BuiltIn">
<arg>${CURRENT_URL}</arg>
<arg>${BASE_URL}${ENDPOINT_NOTIFICATION_URL}</arg>
<doc>Fails if ``container`` does not contain ``item`` one or more times.</doc>
<status status="PASS" start="2025-04-18T22:30:49.008188" elapsed="0.000376"/>
</kw>
<status status="PASS" start="2025-04-18T22:30:49.003346" elapsed="0.005297"/>
</kw>
<kw name="Close Browser" owner="Browser" type="TEARDOWN">
<msg time="2025-04-18T22:30:49.226577" level="INFO">Closed browser</msg>
<tag>BrowserControl</tag>
<tag>Setter</tag>
<doc>Closes the current browser.</doc>
<status status="PASS" start="2025-04-18T22:30:49.009002" elapsed="0.217833"/>
</kw>
<status status="PASS" start="2025-04-18T22:30:43.254262" elapsed="5.972860"/>
</test>
<test id="s1-t2" name="Validate New Notification Button is navigate to Create Notification Page" line="16">
<kw name="New Browser" owner="Browser" type="SETUP">
<msg time="2025-04-18T22:30:49.264375" level="INFO">{"browser": "chromium", "headless": false, "chromiumSandbox": false, "devtools": false, "handleSIGHUP": true, "handleSIGINT": true, "handleSIGTERM": true, "slowMo": 0.0, "timeout": 30000.0, "tracesDir": "C:\\.Cahya\\learn\\automation testing\\cms-vehicle-robot\\tests\\browser\\traces\\temp\\167ca27f-82c2-4b31-b11f-5932b5c6a6e1"}</msg>
<msg time="2025-04-18T22:30:49.540946" level="INFO">Successfully created browser with options: {"browser":"chromium","headless":false,"chromiumSandbox":false,"devtools":false,"handleSIGHUP":true,"handleSIGINT":true,"handleSIGTERM":true,"slowMo":0,"timeout":30000,"tracesDir":"C:\\.Cahya\\learn\\automation testing\\cms-vehicle-robot\\tests\\browser\\traces\\temp\\167ca27f-82c2-4b31-b11f-5932b5c6a6e1"}</msg>
<arg>headless=false</arg>
<tag>BrowserControl</tag>
<tag>Setter</tag>
<doc>Create a new playwright Browser with specified options.</doc>
<status status="PASS" start="2025-04-18T22:30:49.263540" elapsed="0.277746"/>
</kw>
<kw name="Open create notification page" owner="notification_keyword">
<kw name="Signin CMS" owner="signin_keyword">
<kw name="Get From Dictionary" owner="Collections">
<msg time="2025-04-18T22:30:49.542472" level="INFO">${EMAIL} = hello@parkee.app</msg>
<var>${EMAIL}</var>
<arg>${${role}}</arg>
<arg>EMAIL</arg>
<doc>Returns a value from the given ``dictionary`` based on the given ``key``.</doc>
<status status="PASS" start="2025-04-18T22:30:49.542266" elapsed="0.000230"/>
</kw>
<kw name="Get From Dictionary" owner="Collections">
<msg time="2025-04-18T22:30:49.542747" level="INFO">${PASSWORD} = kinship-consult-timpani1</msg>
<var>${PASSWORD}</var>
<arg>${${role}}</arg>
<arg>PASSWORD</arg>
<doc>Returns a value from the given ``dictionary`` based on the given ``key``.</doc>
<status status="PASS" start="2025-04-18T22:30:49.542584" elapsed="0.000180"/>
</kw>
<kw name="Open sign in page" owner="signin_keyword">
<kw name="New Page" owner="Browser">
<msg time="2025-04-18T22:30:50.758171" level="INFO">Successfully initialized new page object and opened url: https://new-cms-staging.parkee.app/</msg>
<msg time="2025-04-18T22:30:50.758240" level="INFO">No context was open. New context was automatically opened when this page is created.</msg>
<arg>${BASE_URL}</arg>
<tag>BrowserControl</tag>
<tag>Setter</tag>
<doc>Open a new Page.</doc>
<status status="PASS" start="2025-04-18T22:30:49.543030" elapsed="1.215326"/>
</kw>
<status status="PASS" start="2025-04-18T22:30:49.542853" elapsed="1.215590"/>
</kw>
<kw name="Fill email field in sign in page" owner="signin_keyword">
<kw name="Fill Text" owner="Browser">
<msg time="2025-04-18T22:30:50.759510" level="INFO">Fills the text 'hello@parkee.app' in the given field.</msg>
<arg>${EMAIL_FIELD}</arg>
<arg>${value}</arg>
<tag>PageContent</tag>
<tag>Setter</tag>
<doc>Clears and fills the given ``txt`` into the text field found by ``selector``.</doc>
<status status="PASS" start="2025-04-18T22:30:50.758963" elapsed="0.843861"/>
</kw>
<arg>${EMAIL}</arg>
<status status="PASS" start="2025-04-18T22:30:50.758577" elapsed="0.844381"/>
</kw>
<kw name="Fill password field in sign in page" owner="signin_keyword">
<kw name="Fill Text" owner="Browser">
<msg time="2025-04-18T22:30:51.604396" level="INFO">Fills the text 'kinship-consult-timpani1' in the given field.</msg>
<arg>${PASSWORD_FIELD}</arg>
<arg>${value}</arg>
<tag>PageContent</tag>
<tag>Setter</tag>
<doc>Clears and fills the given ``txt`` into the text field found by ``selector``.</doc>
<status status="PASS" start="2025-04-18T22:30:51.603671" elapsed="0.013893"/>
</kw>
<arg>${PASSWORD}</arg>
<status status="PASS" start="2025-04-18T22:30:51.603146" elapsed="0.014531"/>
</kw>
<kw name="Click sign in button in sign in page" owner="signin_keyword">
<kw name="Click" owner="Browser">
<msg time="2025-04-18T22:30:51.618464" level="INFO">Clicks the element 'id=signIn-signInButton'.</msg>
<arg>${SIGNIN_BUTTON}</arg>
<tag>PageContent</tag>
<tag>Setter</tag>
<doc>Simulates mouse click on the element found by ``selector``.</doc>
<status status="PASS" start="2025-04-18T22:30:51.618140" elapsed="0.083993"/>
</kw>
<status status="PASS" start="2025-04-18T22:30:51.617815" elapsed="0.084434"/>
</kw>
<status status="PASS" start="2025-04-18T22:30:49.542027" elapsed="2.160260"/>
</kw>
<kw name="Click Notification Menu from sidebar" owner="notification_keyword">
<kw name="Click" owner="Browser">
<msg time="2025-04-18T22:30:51.703363" level="INFO">Clicks the element 'id=menu-Backoffice-Notification'.</msg>
<arg>${NOTIFICATION_MENU}</arg>
<tag>PageContent</tag>
<tag>Setter</tag>
<doc>Simulates mouse click on the element found by ``selector``.</doc>
<status status="PASS" start="2025-04-18T22:30:51.702846" elapsed="1.357470"/>
</kw>
<kw name="Wait For Navigation" owner="Browser">
<arg>${BASE_URL}${ENDPOINT_NOTIFICATION_URL}</arg>
<tag>HTTP</tag>
<tag>Wait</tag>
<doc>Waits until page has navigated to given ``url``.</doc>
<status status="PASS" start="2025-04-18T22:30:53.060563" elapsed="0.199576"/>
</kw>
<status status="PASS" start="2025-04-18T22:30:51.702421" elapsed="1.557837"/>
</kw>
<kw name="Click new notification button" owner="notification_keyword">
<kw name="Click" owner="Browser">
<msg time="2025-04-18T22:30:53.261152" level="INFO">Clicks the element 'id=backoffice-backofficeNotification-newNotificationButton'.</msg>
<arg>${NEW_NOTIFICATION_BUTTON}</arg>
<tag>PageContent</tag>
<tag>Setter</tag>
<doc>Simulates mouse click on the element found by ``selector``.</doc>
<status status="PASS" start="2025-04-18T22:30:53.260783" elapsed="0.156209"/>
</kw>
<kw name="Wait For Navigation" owner="Browser">
<arg>${BASE_URL}${ENDPOINT_NOTIFICATION_URL}${ENDPOINT_CREATE_NOTIFICATION_URL}</arg>
<tag>HTTP</tag>
<tag>Wait</tag>
<doc>Waits until page has navigated to given ``url``.</doc>
<status status="PASS" start="2025-04-18T22:30:53.417239" elapsed="0.177942"/>
</kw>
<status status="PASS" start="2025-04-18T22:30:53.260439" elapsed="0.334903"/>
</kw>
<status status="PASS" start="2025-04-18T22:30:49.541664" elapsed="4.053718"/>
</kw>
<kw name="Verify user is on create notification page" owner="notification_keyword">
<kw name="Get Url" owner="Browser">
<msg time="2025-04-18T22:30:53.598536" level="INFO">${CURRENT_URL} = https://new-cms-staging.parkee.app/dashboard/notifications/new/</msg>
<var>${CURRENT_URL}</var>
<tag>Assertion</tag>
<tag>Getter</tag>
<tag>PageContent</tag>
<doc>Returns the current URL.</doc>
<status status="PASS" start="2025-04-18T22:30:53.596090" elapsed="0.002513"/>
</kw>
<kw name="Should Contain" owner="BuiltIn">
<arg>${CURRENT_URL}</arg>
<arg>${BASE_URL}${ENDPOINT_NOTIFICATION_URL}${ENDPOINT_CREATE_NOTIFICATION_URL}</arg>
<doc>Fails if ``container`` does not contain ``item`` one or more times.</doc>
<status status="PASS" start="2025-04-18T22:30:53.598848" elapsed="0.000563"/>
</kw>
<status status="PASS" start="2025-04-18T22:30:53.595687" elapsed="0.003811"/>
</kw>
<kw name="Close Browser" owner="Browser" type="TEARDOWN">
<msg time="2025-04-18T22:30:53.818501" level="INFO">Closed browser</msg>
<tag>BrowserControl</tag>
<tag>Setter</tag>
<doc>Closes the current browser.</doc>
<status status="PASS" start="2025-04-18T22:30:53.599826" elapsed="0.218838"/>
</kw>
<status status="PASS" start="2025-04-18T22:30:49.261455" elapsed="4.557426"/>
</test>
<test id="s1-t3" name="Validate validation message is appear if title is empty" line="20">
<kw name="New Browser" owner="Browser" type="SETUP">
<msg time="2025-04-18T22:30:53.851524" level="INFO">{"browser": "chromium", "headless": false, "chromiumSandbox": false, "devtools": false, "handleSIGHUP": true, "handleSIGINT": true, "handleSIGTERM": true, "slowMo": 0.0, "timeout": 30000.0, "tracesDir": "C:\\.Cahya\\learn\\automation testing\\cms-vehicle-robot\\tests\\browser\\traces\\temp\\4b005a52-00cd-47f0-a936-cefe9020068a"}</msg>
<msg time="2025-04-18T22:30:54.090194" level="INFO">Successfully created browser with options: {"browser":"chromium","headless":false,"chromiumSandbox":false,"devtools":false,"handleSIGHUP":true,"handleSIGINT":true,"handleSIGTERM":true,"slowMo":0,"timeout":30000,"tracesDir":"C:\\.Cahya\\learn\\automation testing\\cms-vehicle-robot\\tests\\browser\\traces\\temp\\4b005a52-00cd-47f0-a936-cefe9020068a"}</msg>
<arg>headless=false</arg>
<tag>BrowserControl</tag>
<tag>Setter</tag>
<doc>Create a new playwright Browser with specified options.</doc>
<status status="PASS" start="2025-04-18T22:30:53.850316" elapsed="0.240100"/>
</kw>
<kw name="Open create notification page" owner="notification_keyword">
<kw name="Signin CMS" owner="signin_keyword">
<kw name="Get From Dictionary" owner="Collections">
<msg time="2025-04-18T22:30:54.092449" level="INFO">${EMAIL} = hello@parkee.app</msg>
<var>${EMAIL}</var>
<arg>${${role}}</arg>
<arg>EMAIL</arg>
<doc>Returns a value from the given ``dictionary`` based on the given ``key``.</doc>
<status status="PASS" start="2025-04-18T22:30:54.091933" elapsed="0.000560"/>
</kw>
<kw name="Get From Dictionary" owner="Collections">
<msg time="2025-04-18T22:30:54.093112" level="INFO">${PASSWORD} = kinship-consult-timpani1</msg>
<var>${PASSWORD}</var>
<arg>${${role}}</arg>
<arg>PASSWORD</arg>
<doc>Returns a value from the given ``dictionary`` based on the given ``key``.</doc>
<status status="PASS" start="2025-04-18T22:30:54.092846" elapsed="0.000289"/>
</kw>
<kw name="Open sign in page" owner="signin_keyword">
<kw name="New Page" owner="Browser">
<msg time="2025-04-18T22:30:56.556630" level="INFO">Successfully initialized new page object and opened url: https://new-cms-staging.parkee.app/</msg>
<msg time="2025-04-18T22:30:56.556709" level="INFO">No context was open. New context was automatically opened when this page is created.</msg>
<arg>${BASE_URL}</arg>
<tag>BrowserControl</tag>
<tag>Setter</tag>
<doc>Open a new Page.</doc>
<status status="PASS" start="2025-04-18T22:30:54.093537" elapsed="2.463294"/>
</kw>
<status status="PASS" start="2025-04-18T22:30:54.093259" elapsed="2.463661"/>
</kw>
<kw name="Fill email field in sign in page" owner="signin_keyword">
<kw name="Fill Text" owner="Browser">
<msg time="2025-04-18T22:30:56.558224" level="INFO">Fills the text 'hello@parkee.app' in the given field.</msg>
<arg>${EMAIL_FIELD}</arg>
<arg>${value}</arg>
<tag>PageContent</tag>
<tag>Setter</tag>
<doc>Clears and fills the given ``txt`` into the text field found by ``selector``.</doc>
<status status="PASS" start="2025-04-18T22:30:56.557631" elapsed="0.856613"/>
</kw>
<arg>${EMAIL}</arg>
<status status="PASS" start="2025-04-18T22:30:56.557056" elapsed="0.857315"/>
</kw>
<kw name="Fill password field in sign in page" owner="signin_keyword">
<kw name="Fill Text" owner="Browser">
<msg time="2025-04-18T22:30:57.415557" level="INFO">Fills the text 'kinship-consult-timpani1' in the given field.</msg>
<arg>${PASSWORD_FIELD}</arg>
<arg>${value}</arg>
<tag>PageContent</tag>
<tag>Setter</tag>
<doc>Clears and fills the given ``txt`` into the text field found by ``selector``.</doc>
<status status="PASS" start="2025-04-18T22:30:57.415067" elapsed="0.011629"/>
</kw>
<arg>${PASSWORD}</arg>
<status status="PASS" start="2025-04-18T22:30:57.414520" elapsed="0.012330"/>
</kw>
<kw name="Click sign in button in sign in page" owner="signin_keyword">
<kw name="Click" owner="Browser">
<msg time="2025-04-18T22:30:57.427752" level="INFO">Clicks the element 'id=signIn-signInButton'.</msg>
<arg>${SIGNIN_BUTTON}</arg>
<tag>PageContent</tag>
<tag>Setter</tag>
<doc>Simulates mouse click on the element found by ``selector``.</doc>
<status status="PASS" start="2025-04-18T22:30:57.427436" elapsed="0.035344"/>
</kw>
<status status="PASS" start="2025-04-18T22:30:57.427045" elapsed="0.035842"/>
</kw>
<status status="PASS" start="2025-04-18T22:30:54.091476" elapsed="3.371446"/>
</kw>
<kw name="Click Notification Menu from sidebar" owner="notification_keyword">
<kw name="Click" owner="Browser">
<msg time="2025-04-18T22:30:57.463738" level="INFO">Clicks the element 'id=menu-Backoffice-Notification'.</msg>
<arg>${NOTIFICATION_MENU}</arg>
<tag>PageContent</tag>
<tag>Setter</tag>
<doc>Simulates mouse click on the element found by ``selector``.</doc>
<status status="PASS" start="2025-04-18T22:30:57.463374" elapsed="1.363072"/>
</kw>
<kw name="Wait For Navigation" owner="Browser">
<arg>${BASE_URL}${ENDPOINT_NOTIFICATION_URL}</arg>
<tag>HTTP</tag>
<tag>Wait</tag>
<doc>Waits until page has navigated to given ``url``.</doc>
<status status="PASS" start="2025-04-18T22:30:58.826621" elapsed="0.460515"/>
</kw>
<status status="PASS" start="2025-04-18T22:30:57.463050" elapsed="1.824232"/>
</kw>
<kw name="Click new notification button" owner="notification_keyword">
<kw name="Click" owner="Browser">
<msg time="2025-04-18T22:30:59.288420" level="INFO">Clicks the element 'id=backoffice-backofficeNotification-newNotificationButton'.</msg>
<arg>${NEW_NOTIFICATION_BUTTON}</arg>
<tag>PageContent</tag>
<tag>Setter</tag>
<doc>Simulates mouse click on the element found by ``selector``.</doc>
<status status="PASS" start="2025-04-18T22:30:59.287922" elapsed="0.156755"/>
</kw>
<kw name="Wait For Navigation" owner="Browser">
<arg>${BASE_URL}${ENDPOINT_NOTIFICATION_URL}${ENDPOINT_CREATE_NOTIFICATION_URL}</arg>
<tag>HTTP</tag>
<tag>Wait</tag>
<doc>Waits until page has navigated to given ``url``.</doc>
<status status="PASS" start="2025-04-18T22:30:59.444890" elapsed="0.258107"/>
</kw>
<status status="PASS" start="2025-04-18T22:30:59.287486" elapsed="0.415715"/>
</kw>
<status status="PASS" start="2025-04-18T22:30:54.090924" elapsed="5.612315"/>
</kw>
<kw name="Fill title field in new notification page" owner="notification_keyword">
<kw name="Fill Text" owner="Browser">
<msg time="2025-04-18T22:30:59.705038" level="INFO">Fills the text '' in the given field.</msg>
<arg>${TITLE_FIELD}</arg>
<arg>${VALUE}</arg>
<tag>PageContent</tag>
<tag>Setter</tag>
<doc>Clears and fills the given ``txt`` into the text field found by ``selector``.</doc>
<status status="PASS" start="2025-04-18T22:30:59.704556" elapsed="0.040084"/>
</kw>
<arg>${EMPTY}</arg>
<status status="PASS" start="2025-04-18T22:30:59.703515" elapsed="0.041235"/>
</kw>
<kw name="Click save button in create notification Page" owner="notification_keyword">
<kw name="Sleep" owner="BuiltIn">
<msg time="2025-04-18T22:31:00.245707" level="INFO">Slept 500 milliseconds.</msg>
<arg>.5s</arg>
<doc>Pauses the test executed for the given time.</doc>
<status status="PASS" start="2025-04-18T22:30:59.745295" elapsed="0.500532"/>
</kw>
<kw name="Click" owner="Browser">
<msg time="2025-04-18T22:31:00.246670" level="INFO">Clicks the element 'id=backoffice-notification-saveButton'.</msg>
<arg>${SAVE_BTN}</arg>
<tag>PageContent</tag>
<tag>Setter</tag>
<doc>Simulates mouse click on the element found by ``selector``.</doc>
<status status="PASS" start="2025-04-18T22:31:00.246015" elapsed="0.059173"/>
</kw>
<status status="PASS" start="2025-04-18T22:30:59.745010" elapsed="0.560292"/>
</kw>
<kw name="Validation message for empty title" owner="notification_keyword">
<kw name="Get Text" owner="Browser">
<msg time="2025-04-18T22:31:00.329734" level="INFO">Text: 'Title is required!'</msg>
<msg time="2025-04-18T22:31:00.329906" level="INFO">${CURR_MSG} = Title is required!</msg>
<var>${CURR_MSG}</var>
<arg>${VALIDATION_MSG_TITLE}</arg>
<tag>Assertion</tag>
<tag>Getter</tag>
<tag>PageContent</tag>
<doc>Returns text attribute of the element found by ``selector``.</doc>
<status status="PASS" start="2025-04-18T22:31:00.305929" elapsed="0.024001"/>
</kw>
<kw name="Should Be Equal" owner="BuiltIn">
<arg>${CURR_MSG}</arg>
<arg>${VALIDATION_MSG_EMPTY_TITLE_TEXT}</arg>
<doc>Fails if the given objects are unequal.</doc>
<status status="PASS" start="2025-04-18T22:31:00.330099" elapsed="0.000358"/>
</kw>
<status status="PASS" start="2025-04-18T22:31:00.305557" elapsed="0.024964"/>
</kw>
<kw name="Close Browser" owner="Browser" type="TEARDOWN">
<msg time="2025-04-18T22:31:00.510501" level="INFO">Closed browser</msg>
<tag>BrowserControl</tag>
<tag>Setter</tag>
<doc>Closes the current browser.</doc>
<status status="PASS" start="2025-04-18T22:31:00.330882" elapsed="0.179776"/>
</kw>
<status status="PASS" start="2025-04-18T22:30:53.847027" elapsed="6.663821"/>
</test>
<test id="s1-t4" name="Validate validation message is appear if title is more than 256 chars" line="26">
<kw name="New Browser" owner="Browser" type="SETUP">
<msg time="2025-04-18T22:31:00.537302" level="INFO">{"browser": "chromium", "headless": false, "chromiumSandbox": false, "devtools": false, "handleSIGHUP": true, "handleSIGINT": true, "handleSIGTERM": true, "slowMo": 0.0, "timeout": 30000.0, "tracesDir": "C:\\.Cahya\\learn\\automation testing\\cms-vehicle-robot\\tests\\browser\\traces\\temp\\76227e97-526d-4688-b465-f551b11936fd"}</msg>
<msg time="2025-04-18T22:31:00.790249" level="INFO">Successfully created browser with options: {"browser":"chromium","headless":false,"chromiumSandbox":false,"devtools":false,"handleSIGHUP":true,"handleSIGINT":true,"handleSIGTERM":true,"slowMo":0,"timeout":30000,"tracesDir":"C:\\.Cahya\\learn\\automation testing\\cms-vehicle-robot\\tests\\browser\\traces\\temp\\76227e97-526d-4688-b465-f551b11936fd"}</msg>
<arg>headless=false</arg>
<tag>BrowserControl</tag>
<tag>Setter</tag>
<doc>Create a new playwright Browser with specified options.</doc>
<status status="PASS" start="2025-04-18T22:31:00.536484" elapsed="0.254062"/>
</kw>
<kw name="Open create notification page" owner="notification_keyword">
<kw name="Signin CMS" owner="signin_keyword">
<kw name="Get From Dictionary" owner="Collections">
<msg time="2025-04-18T22:31:00.791896" level="INFO">${EMAIL} = hello@parkee.app</msg>
<var>${EMAIL}</var>
<arg>${${role}}</arg>
<arg>EMAIL</arg>
<doc>Returns a value from the given ``dictionary`` based on the given ``key``.</doc>
<status status="PASS" start="2025-04-18T22:31:00.791655" elapsed="0.000266"/>
</kw>
<kw name="Get From Dictionary" owner="Collections">
<msg time="2025-04-18T22:31:00.792212" level="INFO">${PASSWORD} = kinship-consult-timpani1</msg>
<var>${PASSWORD}</var>
<arg>${${role}}</arg>
<arg>PASSWORD</arg>
<doc>Returns a value from the given ``dictionary`` based on the given ``key``.</doc>
<status status="PASS" start="2025-04-18T22:31:00.792020" elapsed="0.000218"/>
</kw>
<kw name="Open sign in page" owner="signin_keyword">
<kw name="New Page" owner="Browser">
<msg time="2025-04-18T22:31:02.482233" level="INFO">Successfully initialized new page object and opened url: https://new-cms-staging.parkee.app/</msg>
<msg time="2025-04-18T22:31:02.482321" level="INFO">No context was open. New context was automatically opened when this page is created.</msg>
<arg>${BASE_URL}</arg>
<tag>BrowserControl</tag>
<tag>Setter</tag>
<doc>Open a new Page.</doc>
<status status="PASS" start="2025-04-18T22:31:00.792619" elapsed="1.689854"/>
</kw>
<status status="PASS" start="2025-04-18T22:31:00.792371" elapsed="1.690222"/>
</kw>
<kw name="Fill email field in sign in page" owner="signin_keyword">
<kw name="Fill Text" owner="Browser">
<msg time="2025-04-18T22:31:02.483534" level="INFO">Fills the text 'hello@parkee.app' in the given field.</msg>
<arg>${EMAIL_FIELD}</arg>
<arg>${value}</arg>
<tag>PageContent</tag>
<tag>Setter</tag>
<doc>Clears and fills the given ``txt`` into the text field found by ``selector``.</doc>
<status status="PASS" start="2025-04-18T22:31:02.483196" elapsed="0.867463"/>
</kw>
<arg>${EMAIL}</arg>
<status status="PASS" start="2025-04-18T22:31:02.482777" elapsed="0.868004"/>
</kw>
<kw name="Fill password field in sign in page" owner="signin_keyword">
<kw name="Fill Text" owner="Browser">
<msg time="2025-04-18T22:31:03.351636" level="INFO">Fills the text 'kinship-consult-timpani1' in the given field.</msg>
<arg>${PASSWORD_FIELD}</arg>
<arg>${value}</arg>
<tag>PageContent</tag>
<tag>Setter</tag>
<doc>Clears and fills the given ``txt`` into the text field found by ``selector``.</doc>
<status status="PASS" start="2025-04-18T22:31:03.351282" elapsed="0.011802"/>
</kw>
<arg>${PASSWORD}</arg>
<status status="PASS" start="2025-04-18T22:31:03.350922" elapsed="0.012282"/>
</kw>
<kw name="Click sign in button in sign in page" owner="signin_keyword">
<kw name="Click" owner="Browser">
<msg time="2025-04-18T22:31:03.364133" level="INFO">Clicks the element 'id=signIn-signInButton'.</msg>
<arg>${SIGNIN_BUTTON}</arg>
<tag>PageContent</tag>
<tag>Setter</tag>
<doc>Simulates mouse click on the element found by ``selector``.</doc>
<status status="PASS" start="2025-04-18T22:31:03.363720" elapsed="0.033405"/>
</kw>
<status status="PASS" start="2025-04-18T22:31:03.363353" elapsed="0.033915"/>
</kw>
<status status="PASS" start="2025-04-18T22:31:00.791382" elapsed="2.605946"/>
</kw>
<kw name="Click Notification Menu from sidebar" owner="notification_keyword">
<kw name="Click" owner="Browser">
<msg time="2025-04-18T22:31:03.398562" level="INFO">Clicks the element 'id=menu-Backoffice-Notification'.</msg>
<arg>${NOTIFICATION_MENU}</arg>
<tag>PageContent</tag>
<tag>Setter</tag>
<doc>Simulates mouse click on the element found by ``selector``.</doc>
<status status="PASS" start="2025-04-18T22:31:03.398103" elapsed="1.373796"/>
</kw>
<kw name="Wait For Navigation" owner="Browser">
<arg>${BASE_URL}${ENDPOINT_NOTIFICATION_URL}</arg>
<tag>HTTP</tag>
<tag>Wait</tag>
<doc>Waits until page has navigated to given ``url``.</doc>
<status status="PASS" start="2025-04-18T22:31:04.772276" elapsed="0.229286"/>
</kw>
<status status="PASS" start="2025-04-18T22:31:03.397511" elapsed="1.604286"/>
</kw>
<kw name="Click new notification button" owner="notification_keyword">
<kw name="Click" owner="Browser">
<msg time="2025-04-18T22:31:05.003074" level="INFO">Clicks the element 'id=backoffice-backofficeNotification-newNotificationButton'.</msg>
<arg>${NEW_NOTIFICATION_BUTTON}</arg>
<tag>PageContent</tag>
<tag>Setter</tag>
<doc>Simulates mouse click on the element found by ``selector``.</doc>
<status status="PASS" start="2025-04-18T22:31:05.002538" elapsed="0.159222"/>
</kw>
<kw name="Wait For Navigation" owner="Browser">
<arg>${BASE_URL}${ENDPOINT_NOTIFICATION_URL}${ENDPOINT_CREATE_NOTIFICATION_URL}</arg>
<tag>HTTP</tag>
<tag>Wait</tag>
<doc>Waits until page has navigated to given ``url``.</doc>
<status status="PASS" start="2025-04-18T22:31:05.161970" elapsed="0.181287"/>
</kw>
<status status="PASS" start="2025-04-18T22:31:05.002059" elapsed="0.341350"/>
</kw>
<status status="PASS" start="2025-04-18T22:31:00.790946" elapsed="4.552538"/>
</kw>
<kw name="Fill title field in new notification page" owner="notification_keyword">
<kw name="Fill Text" owner="Browser">
<msg time="2025-04-18T22:31:05.344907" level="INFO">Fills the text 'Lorem ipsum dolor sit amet, consectetur adipiscing elit, sed do eiusmod tempor incididunt ut labore et dolore magna aliqua. Ut enim ad minim veniam, quis nostrud exercitation ullamco laboris nisi ut aliquip ex ea commodo consequat. Duis aute irure dolor in reprehenderit in voluptate velit esse cillum dolore eu fugiat nulla pariatur.' in the given field.</msg>
<arg>${TITLE_FIELD}</arg>
<arg>${VALUE}</arg>
<tag>PageContent</tag>
<tag>Setter</tag>
<doc>Clears and fills the given ``txt`` into the text field found by ``selector``.</doc>
<status status="PASS" start="2025-04-18T22:31:05.344361" elapsed="0.044519"/>
</kw>
<arg>${256_TEXT}</arg>
<status status="PASS" start="2025-04-18T22:31:05.343807" elapsed="0.045207"/>
</kw>
<kw name="Click save button in create notification Page" owner="notification_keyword">
<kw name="Sleep" owner="BuiltIn">
<msg time="2025-04-18T22:31:05.890149" level="INFO">Slept 500 milliseconds.</msg>
<arg>.5s</arg>
<doc>Pauses the test executed for the given time.</doc>
<status status="PASS" start="2025-04-18T22:31:05.389732" elapsed="0.500542"/>
</kw>
<kw name="Click" owner="Browser">
<msg time="2025-04-18T22:31:05.891120" level="INFO">Clicks the element 'id=backoffice-notification-saveButton'.</msg>
<arg>${SAVE_BTN}</arg>
<tag>PageContent</tag>
<tag>Setter</tag>
<doc>Simulates mouse click on the element found by ``selector``.</doc>
<status status="PASS" start="2025-04-18T22:31:05.890478" elapsed="0.059959"/>
</kw>
<status status="PASS" start="2025-04-18T22:31:05.389318" elapsed="0.561236"/>
</kw>
<kw name="Validation message for title is more than 256 chars" owner="notification_keyword">
<kw name="Get Text" owner="Browser">
<msg time="2025-04-18T22:31:05.968244" level="INFO">Text: 'Title cannot be longer than 256 characters!'</msg>
<msg time="2025-04-18T22:31:05.968385" level="INFO">${CURR_MSG} = Title cannot be longer than 256 characters!</msg>
<var>${CURR_MSG}</var>
<arg>${VALIDATION_MSG_TITLE}</arg>
<tag>Assertion</tag>
<tag>Getter</tag>
<tag>PageContent</tag>
<doc>Returns text attribute of the element found by ``selector``.</doc>
<status status="PASS" start="2025-04-18T22:31:05.951229" elapsed="0.017176"/>
</kw>
<kw name="Should Be Equal" owner="BuiltIn">
<arg>${CURR_MSG}</arg>
<arg>${VALIDATION_MSG_MAX_CHARS_TITLE_TEXT}</arg>
<doc>Fails if the given objects are unequal.</doc>
<status status="PASS" start="2025-04-18T22:31:05.968587" elapsed="0.000345"/>
</kw>
<status status="PASS" start="2025-04-18T22:31:05.950869" elapsed="0.018122"/>
</kw>
<kw name="Close Browser" owner="Browser" type="TEARDOWN">
<msg time="2025-04-18T22:31:06.161949" level="INFO">Closed browser</msg>
<tag>BrowserControl</tag>
<tag>Setter</tag>
<doc>Closes the current browser.</doc>
<status status="PASS" start="2025-04-18T22:31:05.969266" elapsed="0.192833"/>
</kw>
<status status="PASS" start="2025-04-18T22:31:00.534425" elapsed="5.627853"/>
</test>
<test id="s1-t5" name="Validate validation message is appear if content is empty" line="32">
<kw name="New Browser" owner="Browser" type="SETUP">
<msg time="2025-04-18T22:31:06.188708" level="INFO">{"browser": "chromium", "headless": false, "chromiumSandbox": false, "devtools": false, "handleSIGHUP": true, "handleSIGINT": true, "handleSIGTERM": true, "slowMo": 0.0, "timeout": 30000.0, "tracesDir": "C:\\.Cahya\\learn\\automation testing\\cms-vehicle-robot\\tests\\browser\\traces\\temp\\778b3712-027e-43db-ae27-39db43ab8db8"}</msg>
<msg time="2025-04-18T22:31:06.486002" level="INFO">Successfully created browser with options: {"browser":"chromium","headless":false,"chromiumSandbox":false,"devtools":false,"handleSIGHUP":true,"handleSIGINT":true,"handleSIGTERM":true,"slowMo":0,"timeout":30000,"tracesDir":"C:\\.Cahya\\learn\\automation testing\\cms-vehicle-robot\\tests\\browser\\traces\\temp\\778b3712-027e-43db-ae27-39db43ab8db8"}</msg>
<arg>headless=false</arg>
<tag>BrowserControl</tag>
<tag>Setter</tag>
<doc>Create a new playwright Browser with specified options.</doc>
<status status="PASS" start="2025-04-18T22:31:06.188075" elapsed="0.298155"/>
</kw>
<kw name="Open create notification page" owner="notification_keyword">
<kw name="Signin CMS" owner="signin_keyword">
<kw name="Get From Dictionary" owner="Collections">
<msg time="2025-04-18T22:31:06.487650" level="INFO">${EMAIL} = hello@parkee.app</msg>
<var>${EMAIL}</var>
<arg>${${role}}</arg>
<arg>EMAIL</arg>
<doc>Returns a value from the given ``dictionary`` based on the given ``key``.</doc>
<status status="PASS" start="2025-04-18T22:31:06.487432" elapsed="0.000243"/>
</kw>
<kw name="Get From Dictionary" owner="Collections">
<msg time="2025-04-18T22:31:06.487919" level="INFO">${PASSWORD} = kinship-consult-timpani1</msg>
<var>${PASSWORD}</var>
<arg>${${role}}</arg>
<arg>PASSWORD</arg>
<doc>Returns a value from the given ``dictionary`` based on the given ``key``.</doc>
<status status="PASS" start="2025-04-18T22:31:06.487758" elapsed="0.000179"/>
</kw>
<kw name="Open sign in page" owner="signin_keyword">
<kw name="New Page" owner="Browser">
<msg time="2025-04-18T22:31:07.828404" level="INFO">Successfully initialized new page object and opened url: https://new-cms-staging.parkee.app/</msg>
<msg time="2025-04-18T22:31:07.828548" level="INFO">No context was open. New context was automatically opened when this page is created.</msg>
<arg>${BASE_URL}</arg>
<tag>BrowserControl</tag>
<tag>Setter</tag>
<doc>Open a new Page.</doc>
<status status="PASS" start="2025-04-18T22:31:06.488202" elapsed="1.340504"/>
</kw>
<status status="PASS" start="2025-04-18T22:31:06.488026" elapsed="1.340775"/>
</kw>
<kw name="Fill email field in sign in page" owner="signin_keyword">
<kw name="Fill Text" owner="Browser">
<msg time="2025-04-18T22:31:07.829892" level="INFO">Fills the text 'hello@parkee.app' in the given field.</msg>
<arg>${EMAIL_FIELD}</arg>
<arg>${value}</arg>
<tag>PageContent</tag>
<tag>Setter</tag>
<doc>Clears and fills the given ``txt`` into the text field found by ``selector``.</doc>
<status status="PASS" start="2025-04-18T22:31:07.829528" elapsed="0.893039"/>
</kw>
<arg>${EMAIL}</arg>
<status status="PASS" start="2025-04-18T22:31:07.829028" elapsed="0.893687"/>
</kw>
<kw name="Fill password field in sign in page" owner="signin_keyword">
<kw name="Fill Text" owner="Browser">
<msg time="2025-04-18T22:31:08.724032" level="INFO">Fills the text 'kinship-consult-timpani1' in the given field.</msg>
<arg>${PASSWORD_FIELD}</arg>
<arg>${value}</arg>
<tag>PageContent</tag>
<tag>Setter</tag>
<doc>Clears and fills the given ``txt`` into the text field found by ``selector``.</doc>
<status status="PASS" start="2025-04-18T22:31:08.723466" elapsed="0.014355"/>
</kw>
<arg>${PASSWORD}</arg>
<status status="PASS" start="2025-04-18T22:31:08.722913" elapsed="0.015023"/>
</kw>
<kw name="Click sign in button in sign in page" owner="signin_keyword">
<kw name="Click" owner="Browser">
<msg time="2025-04-18T22:31:08.738766" level="INFO">Clicks the element 'id=signIn-signInButton'.</msg>
<arg>${SIGNIN_BUTTON}</arg>
<tag>PageContent</tag>
<tag>Setter</tag>
<doc>Simulates mouse click on the element found by ``selector``.</doc>
<status status="PASS" start="2025-04-18T22:31:08.738427" elapsed="0.087128"/>
</kw>
<status status="PASS" start="2025-04-18T22:31:08.738090" elapsed="0.087621"/>
</kw>
<status status="PASS" start="2025-04-18T22:31:06.487150" elapsed="2.338622"/>
</kw>
<kw name="Click Notification Menu from sidebar" owner="notification_keyword">
<kw name="Click" owner="Browser">
<msg time="2025-04-18T22:31:08.826768" level="INFO">Clicks the element 'id=menu-Backoffice-Notification'.</msg>
<arg>${NOTIFICATION_MENU}</arg>
<tag>PageContent</tag>
<tag>Setter</tag>
<doc>Simulates mouse click on the element found by ``selector``.</doc>
<status status="PASS" start="2025-04-18T22:31:08.826382" elapsed="1.365321"/>
</kw>
<kw name="Wait For Navigation" owner="Browser">
<arg>${BASE_URL}${ENDPOINT_NOTIFICATION_URL}</arg>
<tag>HTTP</tag>
<tag>Wait</tag>
<doc>Waits until page has navigated to given ``url``.</doc>
<status status="PASS" start="2025-04-18T22:31:10.191890" elapsed="0.223162"/>
</kw>
<status status="PASS" start="2025-04-18T22:31:08.825956" elapsed="1.589246"/>
</kw>
<kw name="Click new notification button" owner="notification_keyword">
<kw name="Click" owner="Browser">
<msg time="2025-04-18T22:31:10.416388" level="INFO">Clicks the element 'id=backoffice-backofficeNotification-newNotificationButton'.</msg>
<arg>${NEW_NOTIFICATION_BUTTON}</arg>
<tag>PageContent</tag>
<tag>Setter</tag>
<doc>Simulates mouse click on the element found by ``selector``.</doc>
<status status="PASS" start="2025-04-18T22:31:10.415850" elapsed="0.176937"/>
</kw>
<kw name="Wait For Navigation" owner="Browser">
<arg>${BASE_URL}${ENDPOINT_NOTIFICATION_URL}${ENDPOINT_CREATE_NOTIFICATION_URL}</arg>
<tag>HTTP</tag>
<tag>Wait</tag>
<doc>Waits until page has navigated to given ``url``.</doc>
<status status="PASS" start="2025-04-18T22:31:10.592959" elapsed="0.177964"/>
</kw>
<status status="PASS" start="2025-04-18T22:31:10.415397" elapsed="0.355641"/>
</kw>
<status status="PASS" start="2025-04-18T22:31:06.486691" elapsed="4.284384"/>
</kw>
<kw name="Fill content field in new notification page" owner="notification_keyword">
<kw name="Fill Text" owner="Browser">
<msg time="2025-04-18T22:31:10.773618" level="INFO">Fills the text '' in the given field.</msg>
<arg>${CONTENT_FIELD}</arg>
<arg>${VALUE}</arg>
<tag>PageContent</tag>
<tag>Setter</tag>
<doc>Clears and fills the given ``txt`` into the text field found by ``selector``.</doc>
<status status="PASS" start="2025-04-18T22:31:10.772689" elapsed="0.043100"/>
</kw>
<arg>${EMPTY}</arg>
<status status="PASS" start="2025-04-18T22:31:10.771376" elapsed="0.044525"/>
</kw>
<kw name="Click save button in create notification Page" owner="notification_keyword">
<kw name="Sleep" owner="BuiltIn">
<msg time="2025-04-18T22:31:11.316991" level="INFO">Slept 500 milliseconds.</msg>
<arg>.5s</arg>
<doc>Pauses the test executed for the given time.</doc>
<status status="PASS" start="2025-04-18T22:31:10.816592" elapsed="0.500627"/>
</kw>
<kw name="Click" owner="Browser">
<msg time="2025-04-18T22:31:11.317997" level="INFO">Clicks the element 'id=backoffice-notification-saveButton'.</msg>
<arg>${SAVE_BTN}</arg>
<tag>PageContent</tag>
<tag>Setter</tag>
<doc>Simulates mouse click on the element found by ``selector``.</doc>
<status status="PASS" start="2025-04-18T22:31:11.317416" elapsed="0.053277"/>
</kw>
<status status="PASS" start="2025-04-18T22:31:10.816185" elapsed="0.554622"/>
</kw>
<kw name="Validation message for empty content" owner="notification_keyword">
<kw name="Get Text" owner="Browser">
<msg time="2025-04-18T22:31:11.391849" level="INFO">Text: 'Subtitle or Content is required!'</msg>
<msg time="2025-04-18T22:31:11.391981" level="INFO">${CURR_MSG} = Subtitle or Content is required!</msg>
<var>${CURR_MSG}</var>
<arg>${VALIDATION_MSG_CONTENT}</arg>
<tag>Assertion</tag>
<tag>Getter</tag>
<tag>PageContent</tag>
<doc>Returns text attribute of the element found by ``selector``.</doc>
<status status="PASS" start="2025-04-18T22:31:11.371529" elapsed="0.020476"/>
</kw>
<kw name="Should Be Equal" owner="BuiltIn">
<arg>${CURR_MSG}</arg>
<arg>${VALIDATION_MSG_EMPTY_CONTENT_TEXT}</arg>
<doc>Fails if the given objects are unequal.</doc>
<status status="PASS" start="2025-04-18T22:31:11.392162" elapsed="0.000319"/>
</kw>
<status status="PASS" start="2025-04-18T22:31:11.371116" elapsed="0.021439"/>
</kw>
<kw name="Close Browser" owner="Browser" type="TEARDOWN">
<msg time="2025-04-18T22:31:11.585959" level="INFO">Closed browser</msg>
<tag>BrowserControl</tag>
<tag>Setter</tag>
<doc>Closes the current browser.</doc>
<status status="PASS" start="2025-04-18T22:31:11.392817" elapsed="0.193381"/>
</kw>
<status status="PASS" start="2025-04-18T22:31:06.185525" elapsed="5.400855"/>
</test>
<test id="s1-t6" name="Validate validation message is appear if content is more than 256 chars" line="38">
<kw name="New Browser" owner="Browser" type="SETUP">
<msg time="2025-04-18T22:31:11.611591" level="INFO">{"browser": "chromium", "headless": false, "chromiumSandbox": false, "devtools": false, "handleSIGHUP": true, "handleSIGINT": true, "handleSIGTERM": true, "slowMo": 0.0, "timeout": 30000.0, "tracesDir": "C:\\.Cahya\\learn\\automation testing\\cms-vehicle-robot\\tests\\browser\\traces\\temp\\c000a237-99e2-4026-80ed-41aca0d79b2a"}</msg>
<msg time="2025-04-18T22:31:11.890453" level="INFO">Successfully created browser with options: {"browser":"chromium","headless":false,"chromiumSandbox":false,"devtools":false,"handleSIGHUP":true,"handleSIGINT":true,"handleSIGTERM":true,"slowMo":0,"timeout":30000,"tracesDir":"C:\\.Cahya\\learn\\automation testing\\cms-vehicle-robot\\tests\\browser\\traces\\temp\\c000a237-99e2-4026-80ed-41aca0d79b2a"}</msg>
<arg>headless=false</arg>
<tag>BrowserControl</tag>
<tag>Setter</tag>
<doc>Create a new playwright Browser with specified options.</doc>
<status status="PASS" start="2025-04-18T22:31:11.610715" elapsed="0.279979"/>
</kw>
<kw name="Open create notification page" owner="notification_keyword">
<kw name="Signin CMS" owner="signin_keyword">
<kw name="Get From Dictionary" owner="Collections">
<msg time="2025-04-18T22:31:11.892486" level="INFO">${EMAIL} = hello@parkee.app</msg>
<var>${EMAIL}</var>
<arg>${${role}}</arg>
<arg>EMAIL</arg>
<doc>Returns a value from the given ``dictionary`` based on the given ``key``.</doc>
<status status="PASS" start="2025-04-18T22:31:11.892127" elapsed="0.000394"/>
</kw>
<kw name="Get From Dictionary" owner="Collections">
<msg time="2025-04-18T22:31:11.892833" level="INFO">${PASSWORD} = kinship-consult-timpani1</msg>
<var>${PASSWORD}</var>
<arg>${${role}}</arg>
<arg>PASSWORD</arg>
<doc>Returns a value from the given ``dictionary`` based on the given ``key``.</doc>
<status status="PASS" start="2025-04-18T22:31:11.892634" elapsed="0.000219"/>
</kw>
<kw name="Open sign in page" owner="signin_keyword">
<kw name="New Page" owner="Browser">
<msg time="2025-04-18T22:31:14.277031" level="INFO">Successfully initialized new page object and opened url: https://new-cms-staging.parkee.app/</msg>
<msg time="2025-04-18T22:31:14.277100" level="INFO">No context was open. New context was automatically opened when this page is created.</msg>
<arg>${BASE_URL}</arg>
<tag>BrowserControl</tag>
<tag>Setter</tag>
<doc>Open a new Page.</doc>
<status status="PASS" start="2025-04-18T22:31:11.893197" elapsed="2.384016"/>
</kw>
<status status="PASS" start="2025-04-18T22:31:11.892966" elapsed="2.384335"/>
</kw>
<kw name="Fill email field in sign in page" owner="signin_keyword">
<kw name="Fill Text" owner="Browser">
<msg time="2025-04-18T22:31:14.278196" level="INFO">Fills the text 'hello@parkee.app' in the given field.</msg>
<arg>${EMAIL_FIELD}</arg>
<arg>${value}</arg>
<tag>PageContent</tag>
<tag>Setter</tag>
<doc>Clears and fills the given ``txt`` into the text field found by ``selector``.</doc>
<status status="PASS" start="2025-04-18T22:31:14.277794" elapsed="1.386329"/>
</kw>
<arg>${EMAIL}</arg>
<status status="PASS" start="2025-04-18T22:31:14.277431" elapsed="1.386891"/>
</kw>
<kw name="Fill password field in sign in page" owner="signin_keyword">
<kw name="Fill Text" owner="Browser">
<msg time="2025-04-18T22:31:15.665795" level="INFO">Fills the text 'kinship-consult-timpani1' in the given field.</msg>
<arg>${PASSWORD_FIELD}</arg>
<arg>${value}</arg>
<tag>PageContent</tag>
<tag>Setter</tag>
<doc>Clears and fills the given ``txt`` into the text field found by ``selector``.</doc>
<status status="PASS" start="2025-04-18T22:31:15.665232" elapsed="0.011845"/>
</kw>
<arg>${PASSWORD}</arg>
<status status="PASS" start="2025-04-18T22:31:15.664530" elapsed="0.012676"/>
</kw>
<kw name="Click sign in button in sign in page" owner="signin_keyword">
<kw name="Click" owner="Browser">
<msg time="2025-04-18T22:31:15.677999" level="INFO">Clicks the element 'id=signIn-signInButton'.</msg>
<arg>${SIGNIN_BUTTON}</arg>
<tag>PageContent</tag>
<tag>Setter</tag>
<doc>Simulates mouse click on the element found by ``selector``.</doc>
<status status="PASS" start="2025-04-18T22:31:15.677676" elapsed="0.035484"/>
</kw>
<status status="PASS" start="2025-04-18T22:31:15.677353" elapsed="0.035921"/>
</kw>
<status status="PASS" start="2025-04-18T22:31:11.891596" elapsed="3.821712"/>
</kw>
<kw name="Click Notification Menu from sidebar" owner="notification_keyword">
<kw name="Click" owner="Browser">
<msg time="2025-04-18T22:31:15.714106" level="INFO">Clicks the element 'id=menu-Backoffice-Notification'.</msg>
<arg>${NOTIFICATION_MENU}</arg>
<tag>PageContent</tag>
<tag>Setter</tag>
<doc>Simulates mouse click on the element found by ``selector``.</doc>
<status status="PASS" start="2025-04-18T22:31:15.713741" elapsed="1.372682"/>
</kw>
<kw name="Wait For Navigation" owner="Browser">
<arg>${BASE_URL}${ENDPOINT_NOTIFICATION_URL}</arg>
<tag>HTTP</tag>
<tag>Wait</tag>
<doc>Waits until page has navigated to given ``url``.</doc>
<status status="PASS" start="2025-04-18T22:31:17.086626" elapsed="0.460111"/>
</kw>
<status status="PASS" start="2025-04-18T22:31:15.713436" elapsed="1.833513"/>
</kw>
<kw name="Click new notification button" owner="notification_keyword">
<kw name="Click" owner="Browser">
<msg time="2025-04-18T22:31:17.548190" level="INFO">Clicks the element 'id=backoffice-backofficeNotification-newNotificationButton'.</msg>
<arg>${NEW_NOTIFICATION_BUTTON}</arg>
<tag>PageContent</tag>
<tag>Setter</tag>
<doc>Simulates mouse click on the element found by ``selector``.</doc>
<status status="PASS" start="2025-04-18T22:31:17.547751" elapsed="0.134568"/>
</kw>
<kw name="Wait For Navigation" owner="Browser">
<arg>${BASE_URL}${ENDPOINT_NOTIFICATION_URL}${ENDPOINT_CREATE_NOTIFICATION_URL}</arg>
<tag>HTTP</tag>
<tag>Wait</tag>
<doc>Waits until page has navigated to given ``url``.</doc>
<status status="PASS" start="2025-04-18T22:31:17.682497" elapsed="0.157783"/>
</kw>
<status status="PASS" start="2025-04-18T22:31:17.547265" elapsed="0.293164"/>
</kw>
<status status="PASS" start="2025-04-18T22:31:11.891127" elapsed="5.949349"/>
</kw>
<kw name="Fill content field in new notification page" owner="notification_keyword">
<kw name="Fill Text" owner="Browser">
<msg time="2025-04-18T22:31:17.841827" level="INFO">Fills the text 'Lorem ipsum dolor sit amet, consectetur adipiscing elit, sed do eiusmod tempor incididunt ut labore et dolore magna aliqua. Ut enim ad minim veniam, quis nostrud exercitation ullamco laboris nisi ut aliquip ex ea commodo consequat. Duis aute irure dolor in reprehenderit in voluptate velit esse cillum dolore eu fugiat nulla pariatur.' in the given field.</msg>
<arg>${CONTENT_FIELD}</arg>
<arg>${VALUE}</arg>
<tag>PageContent</tag>
<tag>Setter</tag>
<doc>Clears and fills the given ``txt`` into the text field found by ``selector``.</doc>
<status status="PASS" start="2025-04-18T22:31:17.841272" elapsed="0.043707"/>
</kw>
<arg>${256_TEXT}</arg>
<status status="PASS" start="2025-04-18T22:31:17.840813" elapsed="0.044435"/>
</kw>
<kw name="Click save button in create notification Page" owner="notification_keyword">
<kw name="Sleep" owner="BuiltIn">
<msg time="2025-04-18T22:31:18.386878" level="INFO">Slept 500 milliseconds.</msg>
<arg>.5s</arg>
<doc>Pauses the test executed for the given time.</doc>
<status status="PASS" start="2025-04-18T22:31:17.886002" elapsed="0.501022"/>
</kw>
<kw name="Click" owner="Browser">
<msg time="2025-04-18T22:31:18.387815" level="INFO">Clicks the element 'id=backoffice-notification-saveButton'.</msg>
<arg>${SAVE_BTN}</arg>
<tag>PageContent</tag>
<tag>Setter</tag>
<doc>Simulates mouse click on the element found by ``selector``.</doc>
<status status="PASS" start="2025-04-18T22:31:18.387202" elapsed="0.064903"/>
</kw>
<status status="PASS" start="2025-04-18T22:31:17.885527" elapsed="0.566687"/>
</kw>
<kw name="Validation message for content is more than 256 chars" owner="notification_keyword">
<kw name="Get Text" owner="Browser">
<msg time="2025-04-18T22:31:18.471463" level="INFO">Text: 'Content cannot be longer than 256 characters!'</msg>
<msg time="2025-04-18T22:31:18.471593" level="INFO">${CURR_MSG} = Content cannot be longer than 256 characters!</msg>
<var>${CURR_MSG}</var>
<arg>${VALIDATION_MSG_CONTENT}</arg>
<tag>Assertion</tag>
<tag>Getter</tag>
<tag>PageContent</tag>
<doc>Returns text attribute of the element found by ``selector``.</doc>
<status status="PASS" start="2025-04-18T22:31:18.452831" elapsed="0.018781"/>
</kw>
<kw name="Should Be Equal" owner="BuiltIn">
<arg>${CURR_MSG}</arg>
<arg>${VALIDATION_MSG_MAX_CHARS_CONTENT_TEXT}</arg>
<doc>Fails if the given objects are unequal.</doc>
<status status="PASS" start="2025-04-18T22:31:18.471770" elapsed="0.000332"/>
</kw>
<status status="PASS" start="2025-04-18T22:31:18.452503" elapsed="0.019666"/>
</kw>
<kw name="Close Browser" owner="Browser" type="TEARDOWN">
<msg time="2025-04-18T22:31:18.655601" level="INFO">Closed browser</msg>
<tag>BrowserControl</tag>
<tag>Setter</tag>
<doc>Closes the current browser.</doc>
<status status="PASS" start="2025-04-18T22:31:18.472506" elapsed="0.183257"/>
</kw>
<status status="PASS" start="2025-04-18T22:31:11.608876" elapsed="7.047063"/>
</test>
<test id="s1-t7" name="Validate validation message is appear if notification type is empty" line="44">
<kw name="New Browser" owner="Browser" type="SETUP">
<msg time="2025-04-18T22:31:18.681437" level="INFO">{"browser": "chromium", "headless": false, "chromiumSandbox": false, "devtools": false, "handleSIGHUP": true, "handleSIGINT": true, "handleSIGTERM": true, "slowMo": 0.0, "timeout": 30000.0, "tracesDir": "C:\\.Cahya\\learn\\automation testing\\cms-vehicle-robot\\tests\\browser\\traces\\temp\\65887ab4-fb7e-47cf-b9bf-36d44fbe4ae4"}</msg>
<msg time="2025-04-18T22:31:18.951721" level="INFO">Successfully created browser with options: {"browser":"chromium","headless":false,"chromiumSandbox":false,"devtools":false,"handleSIGHUP":true,"handleSIGINT":true,"handleSIGTERM":true,"slowMo":0,"timeout":30000,"tracesDir":"C:\\.Cahya\\learn\\automation testing\\cms-vehicle-robot\\tests\\browser\\traces\\temp\\65887ab4-fb7e-47cf-b9bf-36d44fbe4ae4"}</msg>
<arg>headless=false</arg>
<tag>BrowserControl</tag>
<tag>Setter</tag>
<doc>Create a new playwright Browser with specified options.</doc>
<status status="PASS" start="2025-04-18T22:31:18.680725" elapsed="0.271229"/>
</kw>
<kw name="Open create notification page" owner="notification_keyword">
<kw name="Signin CMS" owner="signin_keyword">
<kw name="Get From Dictionary" owner="Collections">
<msg time="2025-04-18T22:31:18.953378" level="INFO">${EMAIL} = hello@parkee.app</msg>
<var>${EMAIL}</var>
<arg>${${role}}</arg>
<arg>EMAIL</arg>
<doc>Returns a value from the given ``dictionary`` based on the given ``key``.</doc>
<status status="PASS" start="2025-04-18T22:31:18.953100" elapsed="0.000310"/>
</kw>
<kw name="Get From Dictionary" owner="Collections">
<msg time="2025-04-18T22:31:18.953774" level="INFO">${PASSWORD} = kinship-consult-timpani1</msg>
<var>${PASSWORD}</var>
<arg>${${role}}</arg>
<arg>PASSWORD</arg>
<doc>Returns a value from the given ``dictionary`` based on the given ``key``.</doc>
<status status="PASS" start="2025-04-18T22:31:18.953530" elapsed="0.000270"/>
</kw>
<kw name="Open sign in page" owner="signin_keyword">
<kw name="New Page" owner="Browser">
<msg time="2025-04-18T22:31:20.344459" level="INFO">Successfully initialized new page object and opened url: https://new-cms-staging.parkee.app/</msg>
<msg time="2025-04-18T22:31:20.344526" level="INFO">No context was open. New context was automatically opened when this page is created.</msg>
<arg>${BASE_URL}</arg>
<tag>BrowserControl</tag>
<tag>Setter</tag>
<doc>Open a new Page.</doc>
<status status="PASS" start="2025-04-18T22:31:18.954212" elapsed="1.390435"/>
</kw>
<status status="PASS" start="2025-04-18T22:31:18.953934" elapsed="1.390819"/>
</kw>
<kw name="Fill email field in sign in page" owner="signin_keyword">
<kw name="Fill Text" owner="Browser">
<msg time="2025-04-18T22:31:20.345664" level="INFO">Fills the text 'hello@parkee.app' in the given field.</msg>
<arg>${EMAIL_FIELD}</arg>
<arg>${value}</arg>
<tag>PageContent</tag>
<tag>Setter</tag>
<doc>Clears and fills the given ``txt`` into the text field found by ``selector``.</doc>
<status status="PASS" start="2025-04-18T22:31:20.345294" elapsed="0.865369"/>
</kw>
<arg>${EMAIL}</arg>
<status status="PASS" start="2025-04-18T22:31:20.344908" elapsed="0.865910"/>
</kw>
<kw name="Fill password field in sign in page" owner="signin_keyword">
<kw name="Fill Text" owner="Browser">
<msg time="2025-04-18T22:31:21.211916" level="INFO">Fills the text 'kinship-consult-timpani1' in the given field.</msg>
<arg>${PASSWORD_FIELD}</arg>
<arg>${value}</arg>
<tag>PageContent</tag>
<tag>Setter</tag>
<doc>Clears and fills the given ``txt`` into the text field found by ``selector``.</doc>
<status status="PASS" start="2025-04-18T22:31:21.211480" elapsed="0.013817"/>
</kw>
<arg>${PASSWORD}</arg>
<status status="PASS" start="2025-04-18T22:31:21.211004" elapsed="0.014418"/>
</kw>
<kw name="Click sign in button in sign in page" owner="signin_keyword">
<kw name="Click" owner="Browser">
<msg time="2025-04-18T22:31:21.226261" level="INFO">Clicks the element 'id=signIn-signInButton'.</msg>
<arg>${SIGNIN_BUTTON}</arg>
<tag>PageContent</tag>
<tag>Setter</tag>
<doc>Simulates mouse click on the element found by ``selector``.</doc>
<status status="PASS" start="2025-04-18T22:31:21.225909" elapsed="0.058148"/>
</kw>
<status status="PASS" start="2025-04-18T22:31:21.225569" elapsed="0.058665"/>
</kw>
<status status="PASS" start="2025-04-18T22:31:18.952791" elapsed="2.331500"/>
</kw>
<kw name="Click Notification Menu from sidebar" owner="notification_keyword">
<kw name="Click" owner="Browser">
<msg time="2025-04-18T22:31:21.285265" level="INFO">Clicks the element 'id=menu-Backoffice-Notification'.</msg>
<arg>${NOTIFICATION_MENU}</arg>
<tag>PageContent</tag>
<tag>Setter</tag>
<doc>Simulates mouse click on the element found by ``selector``.</doc>
<status status="PASS" start="2025-04-18T22:31:21.284914" elapsed="1.363892"/>
</kw>
<kw name="Wait For Navigation" owner="Browser">
<arg>${BASE_URL}${ENDPOINT_NOTIFICATION_URL}</arg>
<tag>HTTP</tag>
<tag>Wait</tag>
<doc>Waits until page has navigated to given ``url``.</doc>
<status status="PASS" start="2025-04-18T22:31:22.649011" elapsed="0.309429"/>
</kw>
<status status="PASS" start="2025-04-18T22:31:21.284473" elapsed="1.674083"/>
</kw>
<kw name="Click new notification button" owner="notification_keyword">
<kw name="Click" owner="Browser">
<msg time="2025-04-18T22:31:22.959811" level="INFO">Clicks the element 'id=backoffice-backofficeNotification-newNotificationButton'.</msg>
<arg>${NEW_NOTIFICATION_BUTTON}</arg>
<tag>PageContent</tag>
<tag>Setter</tag>
<doc>Simulates mouse click on the element found by ``selector``.</doc>
<status status="PASS" start="2025-04-18T22:31:22.959276" elapsed="0.162337"/>
</kw>
<kw name="Wait For Navigation" owner="Browser">
<arg>${BASE_URL}${ENDPOINT_NOTIFICATION_URL}${ENDPOINT_CREATE_NOTIFICATION_URL}</arg>
<tag>HTTP</tag>
<tag>Wait</tag>
<doc>Waits until page has navigated to given ``url``.</doc>
<status status="PASS" start="2025-04-18T22:31:23.121836" elapsed="0.199275"/>
</kw>
<status status="PASS" start="2025-04-18T22:31:22.958748" elapsed="0.362513"/>
</kw>
<status status="PASS" start="2025-04-18T22:31:18.952369" elapsed="4.368958"/>
</kw>
<kw name="Click save button in create notification Page" owner="notification_keyword">
<kw name="Sleep" owner="BuiltIn">
<msg time="2025-04-18T22:31:23.822372" level="INFO">Slept 500 milliseconds.</msg>
<arg>.5s</arg>
<doc>Pauses the test executed for the given time.</doc>
<status status="PASS" start="2025-04-18T22:31:23.322007" elapsed="0.500484"/>
</kw>
<kw name="Click" owner="Browser">
<msg time="2025-04-18T22:31:23.823237" level="INFO">Clicks the element 'id=backoffice-notification-saveButton'.</msg>
<arg>${SAVE_BTN}</arg>
<tag>PageContent</tag>
<tag>Setter</tag>
<doc>Simulates mouse click on the element found by ``selector``.</doc>
<status status="PASS" start="2025-04-18T22:31:23.822673" elapsed="0.054478"/>
</kw>
<status status="PASS" start="2025-04-18T22:31:23.321639" elapsed="0.555657"/>
</kw>
<kw name="Validation message for empty notification type" owner="notification_keyword">
<kw name="Get Text" owner="Browser">
<msg time="2025-04-18T22:31:23.897387" level="INFO">Text: 'Notification Type is required!'</msg>
<msg time="2025-04-18T22:31:23.897578" level="INFO">${CURR_MSG} = Notification Type is required!</msg>
<var>${CURR_MSG}</var>
<arg>${VALIDATION_MSG_NOTIF_TYPE}</arg>
<tag>Assertion</tag>
<tag>Getter</tag>
<tag>PageContent</tag>
<doc>Returns text attribute of the element found by ``selector``.</doc>
<status status="PASS" start="2025-04-18T22:31:23.877866" elapsed="0.019739"/>
</kw>
<kw name="Should Be Equal" owner="BuiltIn">
<arg>${CURR_MSG}</arg>
<arg>${VALIDATION_MSG_EMPTY_NOTIF_TYPE_TEXT}</arg>
<doc>Fails if the given objects are unequal.</doc>
<status status="PASS" start="2025-04-18T22:31:23.897867" elapsed="0.000375"/>
</kw>
<status status="PASS" start="2025-04-18T22:31:23.877568" elapsed="0.020731"/>
</kw>
<kw name="Close Browser" owner="Browser" type="TEARDOWN">
<msg time="2025-04-18T22:31:24.083454" level="INFO">Closed browser</msg>
<tag>BrowserControl</tag>
<tag>Setter</tag>
<doc>Closes the current browser.</doc>
<status status="PASS" start="2025-04-18T22:31:23.898557" elapsed="0.185135"/>
</kw>
<status status="PASS" start="2025-04-18T22:31:18.678593" elapsed="5.405297"/>
</test>
<test id="s1-t8" name="Validate validation message is appear if notification url is empty" line="49">
<kw name="New Browser" owner="Browser" type="SETUP">
<msg time="2025-04-18T22:31:24.109091" level="INFO">{"browser": "chromium", "headless": false, "chromiumSandbox": false, "devtools": false, "handleSIGHUP": true, "handleSIGINT": true, "handleSIGTERM": true, "slowMo": 0.0, "timeout": 30000.0, "tracesDir": "C:\\.Cahya\\learn\\automation testing\\cms-vehicle-robot\\tests\\browser\\traces\\temp\\1256491e-7620-4d36-93ef-c79248c8c92e"}</msg>
<msg time="2025-04-18T22:31:24.383900" level="INFO">Successfully created browser with options: {"browser":"chromium","headless":false,"chromiumSandbox":false,"devtools":false,"handleSIGHUP":true,"handleSIGINT":true,"handleSIGTERM":true,"slowMo":0,"timeout":30000,"tracesDir":"C:\\.Cahya\\learn\\automation testing\\cms-vehicle-robot\\tests\\browser\\traces\\temp\\1256491e-7620-4d36-93ef-c79248c8c92e"}</msg>
<arg>headless=false</arg>
<tag>BrowserControl</tag>
<tag>Setter</tag>
<doc>Create a new playwright Browser with specified options.</doc>
<status status="PASS" start="2025-04-18T22:31:24.108172" elapsed="0.275999"/>
</kw>
<kw name="Open create notification page" owner="notification_keyword">
<kw name="Signin CMS" owner="signin_keyword">
<kw name="Get From Dictionary" owner="Collections">
<msg time="2025-04-18T22:31:24.385678" level="INFO">${EMAIL} = hello@parkee.app</msg>
<var>${EMAIL}</var>
<arg>${${role}}</arg>
<arg>EMAIL</arg>
<doc>Returns a value from the given ``dictionary`` based on the given ``key``.</doc>
<status status="PASS" start="2025-04-18T22:31:24.385414" elapsed="0.000292"/>
</kw>
<kw name="Get From Dictionary" owner="Collections">
<msg time="2025-04-18T22:31:24.386034" level="INFO">${PASSWORD} = kinship-consult-timpani1</msg>
<var>${PASSWORD}</var>
<arg>${${role}}</arg>
<arg>PASSWORD</arg>
<doc>Returns a value from the given ``dictionary`` based on the given ``key``.</doc>
<status status="PASS" start="2025-04-18T22:31:24.385805" elapsed="0.000252"/>
</kw>
<kw name="Open sign in page" owner="signin_keyword">
<kw name="New Page" owner="Browser">
<msg time="2025-04-18T22:31:25.926531" level="INFO">Successfully initialized new page object and opened url: https://new-cms-staging.parkee.app/</msg>
<msg time="2025-04-18T22:31:25.926608" level="INFO">No context was open. New context was automatically opened when this page is created.</msg>
<arg>${BASE_URL}</arg>
<tag>BrowserControl</tag>
<tag>Setter</tag>
<doc>Open a new Page.</doc>
<status status="PASS" start="2025-04-18T22:31:24.386443" elapsed="1.540286"/>
</kw>
<status status="PASS" start="2025-04-18T22:31:24.386175" elapsed="1.540636"/>
</kw>
<kw name="Fill email field in sign in page" owner="signin_keyword">
<kw name="Fill Text" owner="Browser">
<msg time="2025-04-18T22:31:25.927719" level="INFO">Fills the text 'hello@parkee.app' in the given field.</msg>
<arg>${EMAIL_FIELD}</arg>
<arg>${value}</arg>
<tag>PageContent</tag>
<tag>Setter</tag>
<doc>Clears and fills the given ``txt`` into the text field found by ``selector``.</doc>
<status status="PASS" start="2025-04-18T22:31:25.927304" elapsed="0.864338"/>
</kw>
<arg>${EMAIL}</arg>
<status status="PASS" start="2025-04-18T22:31:25.926942" elapsed="0.864919"/>
</kw>
<kw name="Fill password field in sign in page" owner="signin_keyword">
<kw name="Fill Text" owner="Browser">
<msg time="2025-04-18T22:31:26.793234" level="INFO">Fills the text 'kinship-consult-timpani1' in the given field.</msg>
<arg>${PASSWORD_FIELD}</arg>
<arg>${value}</arg>
<tag>PageContent</tag>
<tag>Setter</tag>
<doc>Clears and fills the given ``txt`` into the text field found by ``selector``.</doc>
<status status="PASS" start="2025-04-18T22:31:26.792730" elapsed="0.012416"/>
</kw>
<arg>${PASSWORD}</arg>
<status status="PASS" start="2025-04-18T22:31:26.792181" elapsed="0.013116"/>
</kw>
<kw name="Click sign in button in sign in page" owner="signin_keyword">
<kw name="Click" owner="Browser">
<msg time="2025-04-18T22:31:26.806417" level="INFO">Clicks the element 'id=signIn-signInButton'.</msg>
<arg>${SIGNIN_BUTTON}</arg>
<tag>PageContent</tag>
<tag>Setter</tag>
<doc>Simulates mouse click on the element found by ``selector``.</doc>
<status status="PASS" start="2025-04-18T22:31:26.805966" elapsed="0.033695"/>
</kw>
<status status="PASS" start="2025-04-18T22:31:26.805495" elapsed="0.034271"/>
</kw>
<status status="PASS" start="2025-04-18T22:31:24.385102" elapsed="2.454700"/>
</kw>
<kw name="Click Notification Menu from sidebar" owner="notification_keyword">
<kw name="Click" owner="Browser">
<msg time="2025-04-18T22:31:26.840775" level="INFO">Clicks the element 'id=menu-Backoffice-Notification'.</msg>
<arg>${NOTIFICATION_MENU}</arg>
<tag>PageContent</tag>
<tag>Setter</tag>
<doc>Simulates mouse click on the element found by ``selector``.</doc>
<status status="PASS" start="2025-04-18T22:31:26.840307" elapsed="1.346228"/>
</kw>
<kw name="Wait For Navigation" owner="Browser">
<arg>${BASE_URL}${ENDPOINT_NOTIFICATION_URL}</arg>
<tag>HTTP</tag>
<tag>Wait</tag>
<doc>Waits until page has navigated to given ``url``.</doc>
<status status="PASS" start="2025-04-18T22:31:28.186703" elapsed="0.272069"/>
</kw>
<status status="PASS" start="2025-04-18T22:31:26.839936" elapsed="1.618964"/>
</kw>
<kw name="Click new notification button" owner="notification_keyword">
<kw name="Click" owner="Browser">
<msg time="2025-04-18T22:31:28.460236" level="INFO">Clicks the element 'id=backoffice-backofficeNotification-newNotificationButton'.</msg>
<arg>${NEW_NOTIFICATION_BUTTON}</arg>
<tag>PageContent</tag>
<tag>Setter</tag>
<doc>Simulates mouse click on the element found by ``selector``.</doc>
<status status="PASS" start="2025-04-18T22:31:28.459621" elapsed="0.156395"/>
</kw>
<kw name="Wait For Navigation" owner="Browser">
<arg>${BASE_URL}${ENDPOINT_NOTIFICATION_URL}${ENDPOINT_CREATE_NOTIFICATION_URL}</arg>
<tag>HTTP</tag>
<tag>Wait</tag>
<doc>Waits until page has navigated to given ``url``.</doc>
<status status="PASS" start="2025-04-18T22:31:28.616217" elapsed="0.224815"/>
</kw>
<status status="PASS" start="2025-04-18T22:31:28.459138" elapsed="0.382007"/>
</kw>
<status status="PASS" start="2025-04-18T22:31:24.384634" elapsed="4.456546"/>
</kw>
<kw name="Fill notification url field in new notification page" owner="notification_keyword">
<kw name="Fill Text" owner="Browser">
<msg time="2025-04-18T22:31:28.842969" level="INFO">Fills the text '' in the given field.</msg>
<arg>${NOTIFICATION_URL_FIELD}</arg>
<arg>${VALUE}</arg>
<tag>PageContent</tag>
<tag>Setter</tag>
<doc>Clears and fills the given ``txt`` into the text field found by ``selector``.</doc>
<status status="PASS" start="2025-04-18T22:31:28.842418" elapsed="0.038959"/>
</kw>
<arg>${EMPTY}</arg>
<status status="PASS" start="2025-04-18T22:31:28.841488" elapsed="0.040004"/>
</kw>
<kw name="Click save button in create notification Page" owner="notification_keyword">
<kw name="Sleep" owner="BuiltIn">
<msg time="2025-04-18T22:31:29.382804" level="INFO">Slept 500 milliseconds.</msg>
<arg>.5s</arg>
<doc>Pauses the test executed for the given time.</doc>
<status status="PASS" start="2025-04-18T22:31:28.882094" elapsed="0.500834"/>
</kw>
<kw name="Click" owner="Browser">
<msg time="2025-04-18T22:31:29.383705" level="INFO">Clicks the element 'id=backoffice-notification-saveButton'.</msg>
<arg>${SAVE_BTN}</arg>
<tag>PageContent</tag>
<tag>Setter</tag>
<doc>Simulates mouse click on the element found by ``selector``.</doc>
<status status="PASS" start="2025-04-18T22:31:29.383109" elapsed="0.056790"/>
</kw>
<status status="PASS" start="2025-04-18T22:31:28.881756" elapsed="0.558258"/>
</kw>
<kw name="Validation message for empty notification url" owner="notification_keyword">
<kw name="Get Text" owner="Browser">
<msg time="2025-04-18T22:31:29.466854" level="INFO">Text: 'Notification URL is required!'</msg>
<msg time="2025-04-18T22:31:29.466977" level="INFO">${CURR_MSG} = Notification URL is required!</msg>
<var>${CURR_MSG}</var>
<arg>${VALIDATION_MSG_NOTIF_URL}</arg>
<tag>Assertion</tag>
<tag>Getter</tag>
<tag>PageContent</tag>
<doc>Returns text attribute of the element found by ``selector``.</doc>
<status status="PASS" start="2025-04-18T22:31:29.440816" elapsed="0.026180"/>
</kw>
<kw name="Should Be Equal" owner="BuiltIn">
<arg>${CURR_MSG}</arg>
<arg>${VALIDATION_MSG_EMPTY_NOTIF_URL_TEXT}</arg>
<doc>Fails if the given objects are unequal.</doc>
<status status="PASS" start="2025-04-18T22:31:29.467144" elapsed="0.000406"/>
</kw>
<status status="PASS" start="2025-04-18T22:31:29.440280" elapsed="0.027357"/>
</kw>
<kw name="Close Browser" owner="Browser" type="TEARDOWN">
<msg time="2025-04-18T22:31:29.648177" level="INFO">Closed browser</msg>
<tag>BrowserControl</tag>
<tag>Setter</tag>
<doc>Closes the current browser.</doc>
<status status="PASS" start="2025-04-18T22:31:29.467920" elapsed="0.180427"/>
</kw>
<status status="PASS" start="2025-04-18T22:31:24.106320" elapsed="5.542243"/>
</test>
<test id="s1-t9" name="Validate validation message is appear if notification url does not contain https" line="55">
<kw name="New Browser" owner="Browser" type="SETUP">
<msg time="2025-04-18T22:31:29.674877" level="INFO">{"browser": "chromium", "headless": false, "chromiumSandbox": false, "devtools": false, "handleSIGHUP": true, "handleSIGINT": true, "handleSIGTERM": true, "slowMo": 0.0, "timeout": 30000.0, "tracesDir": "C:\\.Cahya\\learn\\automation testing\\cms-vehicle-robot\\tests\\browser\\traces\\temp\\6ca38af4-31be-48a1-8f5b-5bd60fd42b51"}</msg>
<msg time="2025-04-18T22:31:29.917359" level="INFO">Successfully created browser with options: {"browser":"chromium","headless":false,"chromiumSandbox":false,"devtools":false,"handleSIGHUP":true,"handleSIGINT":true,"handleSIGTERM":true,"slowMo":0,"timeout":30000,"tracesDir":"C:\\.Cahya\\learn\\automation testing\\cms-vehicle-robot\\tests\\browser\\traces\\temp\\6ca38af4-31be-48a1-8f5b-5bd60fd42b51"}</msg>
<arg>headless=false</arg>
<tag>BrowserControl</tag>
<tag>Setter</tag>
<doc>Create a new playwright Browser with specified options.</doc>
<status status="PASS" start="2025-04-18T22:31:29.673819" elapsed="0.243796"/>
</kw>
<kw name="Open create notification page" owner="notification_keyword">
<kw name="Signin CMS" owner="signin_keyword">
<kw name="Get From Dictionary" owner="Collections">
<msg time="2025-04-18T22:31:29.919555" level="INFO">${EMAIL} = hello@parkee.app</msg>
<var>${EMAIL}</var>
<arg>${${role}}</arg>
<arg>EMAIL</arg>
<doc>Returns a value from the given ``dictionary`` based on the given ``key``.</doc>
<status status="PASS" start="2025-04-18T22:31:29.919280" elapsed="0.000310"/>
</kw>
<kw name="Get From Dictionary" owner="Collections">
<msg time="2025-04-18T22:31:29.920056" level="INFO">${PASSWORD} = kinship-consult-timpani1</msg>
<var>${PASSWORD}</var>
<arg>${${role}}</arg>
<arg>PASSWORD</arg>
<doc>Returns a value from the given ``dictionary`` based on the given ``key``.</doc>
<status status="PASS" start="2025-04-18T22:31:29.919788" elapsed="0.000294"/>
</kw>
<kw name="Open sign in page" owner="signin_keyword">
<kw name="New Page" owner="Browser">
<msg time="2025-04-18T22:31:32.163923" level="INFO">Successfully initialized new page object and opened url: https://new-cms-staging.parkee.app/</msg>
<msg time="2025-04-18T22:31:32.163992" level="INFO">No context was open. New context was automatically opened when this page is created.</msg>
<arg>${BASE_URL}</arg>
<tag>BrowserControl</tag>
<tag>Setter</tag>
<doc>Open a new Page.</doc>
<status status="PASS" start="2025-04-18T22:31:29.920604" elapsed="2.243500"/>
</kw>
<status status="PASS" start="2025-04-18T22:31:29.920279" elapsed="2.243912"/>
</kw>
<kw name="Fill email field in sign in page" owner="signin_keyword">
<kw name="Fill Text" owner="Browser">
<msg time="2025-04-18T22:31:32.165025" level="INFO">Fills the text 'hello@parkee.app' in the given field.</msg>
<arg>${EMAIL_FIELD}</arg>
<arg>${value}</arg>
<tag>PageContent</tag>
<tag>Setter</tag>
<doc>Clears and fills the given ``txt`` into the text field found by ``selector``.</doc>
<status status="PASS" start="2025-04-18T22:31:32.164683" elapsed="0.860064"/>
</kw>
<arg>${EMAIL}</arg>
<status status="PASS" start="2025-04-18T22:31:32.164327" elapsed="0.860539"/>
</kw>
<kw name="Fill password field in sign in page" owner="signin_keyword">
<kw name="Fill Text" owner="Browser">
<msg time="2025-04-18T22:31:33.026114" level="INFO">Fills the text 'kinship-consult-timpani1' in the given field.</msg>
<arg>${PASSWORD_FIELD}</arg>
<arg>${value}</arg>
<tag>PageContent</tag>
<tag>Setter</tag>
<doc>Clears and fills the given ``txt`` into the text field found by ``selector``.</doc>
<status status="PASS" start="2025-04-18T22:31:33.025642" elapsed="0.013038"/>
</kw>
<arg>${PASSWORD}</arg>
<status status="PASS" start="2025-04-18T22:31:33.025039" elapsed="0.013764"/>
</kw>
<kw name="Click sign in button in sign in page" owner="signin_keyword">
<kw name="Click" owner="Browser">
<msg time="2025-04-18T22:31:33.039620" level="INFO">Clicks the element 'id=signIn-signInButton'.</msg>
<arg>${SIGNIN_BUTTON}</arg>
<tag>PageContent</tag>
<tag>Setter</tag>
<doc>Simulates mouse click on the element found by ``selector``.</doc>
<status status="PASS" start="2025-04-18T22:31:33.039285" elapsed="0.033545"/>
</kw>
<status status="PASS" start="2025-04-18T22:31:33.038952" elapsed="0.033987"/>
</kw>
<status status="PASS" start="2025-04-18T22:31:29.918868" elapsed="3.154159"/>
</kw>
<kw name="Click Notification Menu from sidebar" owner="notification_keyword">
<kw name="Click" owner="Browser">
<msg time="2025-04-18T22:31:33.073785" level="INFO">Clicks the element 'id=menu-Backoffice-Notification'.</msg>
<arg>${NOTIFICATION_MENU}</arg>
<tag>PageContent</tag>
<tag>Setter</tag>
<doc>Simulates mouse click on the element found by ``selector``.</doc>
<status status="PASS" start="2025-04-18T22:31:33.073466" elapsed="1.358356"/>
</kw>
<kw name="Wait For Navigation" owner="Browser">
<arg>${BASE_URL}${ENDPOINT_NOTIFICATION_URL}</arg>
<tag>HTTP</tag>
<tag>Wait</tag>
<doc>Waits until page has navigated to given ``url``.</doc>
<status status="PASS" start="2025-04-18T22:31:34.432016" elapsed="0.330294"/>
</kw>
<status status="PASS" start="2025-04-18T22:31:33.073158" elapsed="1.689346"/>
</kw>
<kw name="Click new notification button" owner="notification_keyword">
<kw name="Click" owner="Browser">
<msg time="2025-04-18T22:31:34.763548" level="INFO">Clicks the element 'id=backoffice-backofficeNotification-newNotificationButton'.</msg>
<arg>${NEW_NOTIFICATION_BUTTON}</arg>
<tag>PageContent</tag>
<tag>Setter</tag>
<doc>Simulates mouse click on the element found by ``selector``.</doc>
<status status="PASS" start="2025-04-18T22:31:34.763128" elapsed="0.138856"/>
</kw>
<kw name="Wait For Navigation" owner="Browser">
<arg>${BASE_URL}${ENDPOINT_NOTIFICATION_URL}${ENDPOINT_CREATE_NOTIFICATION_URL}</arg>
<tag>HTTP</tag>
<tag>Wait</tag>
<doc>Waits until page has navigated to given ``url``.</doc>
<status status="PASS" start="2025-04-18T22:31:34.902157" elapsed="0.191144"/>
</kw>
<status status="PASS" start="2025-04-18T22:31:34.762736" elapsed="0.330717"/>
</kw>
<status status="PASS" start="2025-04-18T22:31:29.918169" elapsed="5.175341"/>
</kw>
<kw name="Fill notification url field in new notification page" owner="notification_keyword">
<kw name="Fill Text" owner="Browser">
<msg time="2025-04-18T22:31:35.095100" level="INFO">Fills the text 'lorem' in the given field.</msg>
<arg>${NOTIFICATION_URL_FIELD}</arg>
<arg>${VALUE}</arg>
<tag>PageContent</tag>
<tag>Setter</tag>
<doc>Clears and fills the given ``txt`` into the text field found by ``selector``.</doc>
<status status="PASS" start="2025-04-18T22:31:35.094389" elapsed="0.039608"/>
</kw>
<arg>${TEXT}</arg>
<status status="PASS" start="2025-04-18T22:31:35.093818" elapsed="0.040365"/>
</kw>
<kw name="Click save button in create notification Page" owner="notification_keyword">
<kw name="Sleep" owner="BuiltIn">
<msg time="2025-04-18T22:31:35.635704" level="INFO">Slept 500 milliseconds.</msg>
<arg>.5s</arg>
<doc>Pauses the test executed for the given time.</doc>
<status status="PASS" start="2025-04-18T22:31:35.135172" elapsed="0.500726"/>
</kw>
<kw name="Click" owner="Browser">
<msg time="2025-04-18T22:31:35.636625" level="INFO">Clicks the element 'id=backoffice-notification-saveButton'.</msg>
<arg>${SAVE_BTN}</arg>
<tag>PageContent</tag>
<tag>Setter</tag>
<doc>Simulates mouse click on the element found by ``selector``.</doc>
<status status="PASS" start="2025-04-18T22:31:35.636154" elapsed="0.058968"/>
</kw>
<status status="PASS" start="2025-04-18T22:31:35.134534" elapsed="0.560697"/>
</kw>
<kw name="Validation message for notification url does not contain https" owner="notification_keyword">
<kw name="Get Text" owner="Browser">
<msg time="2025-04-18T22:31:35.710685" level="INFO">Text: 'URL must include https!'</msg>
<msg time="2025-04-18T22:31:35.710814" level="INFO">${CURR_MSG} = URL must include https!</msg>
<var>${CURR_MSG}</var>
<arg>${VALIDATION_MSG_NOTIF_URL}</arg>
<tag>Assertion</tag>
<tag>Getter</tag>
<tag>PageContent</tag>
<doc>Returns text attribute of the element found by ``selector``.</doc>
<status status="PASS" start="2025-04-18T22:31:35.695897" elapsed="0.014936"/>
</kw>
<kw name="Should Be Equal" owner="BuiltIn">
<arg>${CURR_MSG}</arg>
<arg>${VALIDATION_MSG_NOTIFICATION_URL_FORMAT_TEXT}</arg>
<doc>Fails if the given objects are unequal.</doc>
<status status="PASS" start="2025-04-18T22:31:35.711017" elapsed="0.000311"/>
</kw>
<status status="PASS" start="2025-04-18T22:31:35.695516" elapsed="0.015867"/>
</kw>
<kw name="Close Browser" owner="Browser" type="TEARDOWN">
<msg time="2025-04-18T22:31:35.907859" level="INFO">Closed browser</msg>
<tag>BrowserControl</tag>
<tag>Setter</tag>
<doc>Closes the current browser.</doc>
<status status="PASS" start="2025-04-18T22:31:35.711628" elapsed="0.196430"/>
</kw>
<status status="PASS" start="2025-04-18T22:31:29.671634" elapsed="6.236750"/>
</test>
<test id="s1-t10" name="Validate coupon type is appear after select coupon in notification type field" line="61">
<kw name="New Browser" owner="Browser" type="SETUP">
<msg time="2025-04-18T22:31:35.933971" level="INFO">{"browser": "chromium", "headless": false, "chromiumSandbox": false, "devtools": false, "handleSIGHUP": true, "handleSIGINT": true, "handleSIGTERM": true, "slowMo": 0.0, "timeout": 30000.0, "tracesDir": "C:\\.Cahya\\learn\\automation testing\\cms-vehicle-robot\\tests\\browser\\traces\\temp\\3f83a3f5-99ec-4558-b416-6da46c937b1e"}</msg>
<msg time="2025-04-18T22:31:36.210146" level="INFO">Successfully created browser with options: {"browser":"chromium","headless":false,"chromiumSandbox":false,"devtools":false,"handleSIGHUP":true,"handleSIGINT":true,"handleSIGTERM":true,"slowMo":0,"timeout":30000,"tracesDir":"C:\\.Cahya\\learn\\automation testing\\cms-vehicle-robot\\tests\\browser\\traces\\temp\\3f83a3f5-99ec-4558-b416-6da46c937b1e"}</msg>
<arg>headless=false</arg>
<tag>BrowserControl</tag>
<tag>Setter</tag>
<doc>Create a new playwright Browser with specified options.</doc>
<status status="PASS" start="2025-04-18T22:31:35.933194" elapsed="0.277185"/>
</kw>
<kw name="Open create notification page" owner="notification_keyword">
<kw name="Signin CMS" owner="signin_keyword">
<kw name="Get From Dictionary" owner="Collections">
<msg time="2025-04-18T22:31:36.211761" level="INFO">${EMAIL} = hello@parkee.app</msg>
<var>${EMAIL}</var>
<arg>${${role}}</arg>
<arg>EMAIL</arg>
<doc>Returns a value from the given ``dictionary`` based on the given ``key``.</doc>
<status status="PASS" start="2025-04-18T22:31:36.211496" elapsed="0.000292"/>
</kw>
<kw name="Get From Dictionary" owner="Collections">
<msg time="2025-04-18T22:31:36.212049" level="INFO">${PASSWORD} = kinship-consult-timpani1</msg>
<var>${PASSWORD}</var>
<arg>${${role}}</arg>
<arg>PASSWORD</arg>
<doc>Returns a value from the given ``dictionary`` based on the given ``key``.</doc>
<status status="PASS" start="2025-04-18T22:31:36.211883" elapsed="0.000184"/>
</kw>
<kw name="Open sign in page" owner="signin_keyword">
<kw name="New Page" owner="Browser">
<msg time="2025-04-18T22:31:37.646712" level="INFO">Successfully initialized new page object and opened url: https://new-cms-staging.parkee.app/</msg>
<msg time="2025-04-18T22:31:37.646790" level="INFO">No context was open. New context was automatically opened when this page is created.</msg>
<arg>${BASE_URL}</arg>
<tag>BrowserControl</tag>
<tag>Setter</tag>
[...]
<msg time="2025-04-18T22:33:27.056108" level="INFO">{"browser": "chromium", "headless": false, "chromiumSandbox": false, "devtools": false, "handleSIGHUP": true, "handleSIGINT": true, "handleSIGTERM": true, "slowMo": 0.0, "timeout": 30000.0, "tracesDir": "C:\\.Cahya\\learn\\automation testing\\cms-vehicle-robot\\tests\\browser\\traces\\temp\\d9906779-ec70-421b-a3f8-f2569594d1a3"}</msg>
<msg time="2025-04-18T22:33:27.312841" level="INFO">Successfully created browser with options: {"browser":"chromium","headless":false,"chromiumSandbox":false,"devtools":false,"handleSIGHUP":true,"handleSIGINT":true,"handleSIGTERM":true,"slowMo":0,"timeout":30000,"tracesDir":"C:\\.Cahya\\learn\\automation testing\\cms-vehicle-robot\\tests\\browser\\traces\\temp\\d9906779-ec70-421b-a3f8-f2569594d1a3"}</msg>
<arg>headless=false</arg>
<tag>BrowserControl</tag>
<tag>Setter</tag>
<doc>Create a new playwright Browser with specified options.</doc>
<status status="PASS" start="2025-04-18T22:33:27.055405" elapsed="0.257639"/>
</kw>
<kw name="Generate timestamp" owner="helper">
<kw name="Evaluate" owner="BuiltIn">
<msg time="2025-04-18T22:33:27.314157" level="INFO">${timestamp} = 1744990407314</msg>
<var>${timestamp}</var>
<arg>int(__import__('time').time() * 1000)</arg>
<doc>Evaluates the given expression in Python and returns the result.</doc>
<status status="PASS" start="2025-04-18T22:33:27.313776" elapsed="0.000412"/>
</kw>
<return>
<value>${timestamp}</value>
<status status="PASS" start="2025-04-18T22:33:27.314257" elapsed="0.000153"/>
</return>
<msg time="2025-04-18T22:33:27.314544" level="INFO">${UNIQUE_VALUE} = 1744990407314</msg>
<var>${UNIQUE_VALUE}</var>
<status status="PASS" start="2025-04-18T22:33:27.313388" elapsed="0.001174"/>
</kw>
<kw name="Open create notification page" owner="notification_keyword">
<kw name="Signin CMS" owner="signin_keyword">
<kw name="Get From Dictionary" owner="Collections">
<msg time="2025-04-18T22:33:27.315718" level="INFO">${EMAIL} = hello@parkee.app</msg>
<var>${EMAIL}</var>
<arg>${${role}}</arg>
<arg>EMAIL</arg>
<doc>Returns a value from the given ``dictionary`` based on the given ``key``.</doc>
<status status="PASS" start="2025-04-18T22:33:27.315502" elapsed="0.000244"/>
</kw>
<kw name="Get From Dictionary" owner="Collections">
<msg time="2025-04-18T22:33:27.316065" level="INFO">${PASSWORD} = kinship-consult-timpani1</msg>
<var>${PASSWORD}</var>
<arg>${${role}}</arg>
<arg>PASSWORD</arg>
<doc>Returns a value from the given ``dictionary`` based on the given ``key``.</doc>
<status status="PASS" start="2025-04-18T22:33:27.315856" elapsed="0.000228"/>
</kw>
<kw name="Open sign in page" owner="signin_keyword">
<kw name="New Page" owner="Browser">
<msg time="2025-04-18T22:33:29.752465" level="INFO">Successfully initialized new page object and opened url: https://new-cms-staging.parkee.app/</msg>
<msg time="2025-04-18T22:33:29.752542" level="INFO">No context was open. New context was automatically opened when this page is created.</msg>
<arg>${BASE_URL}</arg>
<tag>BrowserControl</tag>
<tag>Setter</tag>
<doc>Open a new Page.</doc>
<status status="PASS" start="2025-04-18T22:33:27.316362" elapsed="2.436326"/>
</kw>
<status status="PASS" start="2025-04-18T22:33:27.316173" elapsed="2.436667"/>
</kw>
<kw name="Fill email field in sign in page" owner="signin_keyword">
<kw name="Fill Text" owner="Browser">
<msg time="2025-04-18T22:33:29.753941" level="INFO">Fills the text 'hello@parkee.app' in the given field.</msg>
<arg>${EMAIL_FIELD}</arg>
<arg>${value}</arg>
<tag>PageContent</tag>
<tag>Setter</tag>
<doc>Clears and fills the given ``txt`` into the text field found by ``selector``.</doc>
<status status="PASS" start="2025-04-18T22:33:29.753571" elapsed="0.849568"/>
</kw>
<arg>${EMAIL}</arg>
<status status="PASS" start="2025-04-18T22:33:29.753066" elapsed="0.850230"/>
</kw>
<kw name="Fill password field in sign in page" owner="signin_keyword">
<kw name="Fill Text" owner="Browser">
<msg time="2025-04-18T22:33:30.604194" level="INFO">Fills the text 'kinship-consult-timpani1' in the given field.</msg>
<arg>${PASSWORD_FIELD}</arg>
<arg>${value}</arg>
<tag>PageContent</tag>
<tag>Setter</tag>
<doc>Clears and fills the given ``txt`` into the text field found by ``selector``.</doc>
<status status="PASS" start="2025-04-18T22:33:30.603822" elapsed="0.012065"/>
</kw>
<arg>${PASSWORD}</arg>
<status status="PASS" start="2025-04-18T22:33:30.603447" elapsed="0.012590"/>
</kw>
<kw name="Click sign in button in sign in page" owner="signin_keyword">
<kw name="Click" owner="Browser">
<msg time="2025-04-18T22:33:30.617221" level="INFO">Clicks the element 'id=signIn-signInButton'.</msg>
<arg>${SIGNIN_BUTTON}</arg>
<tag>PageContent</tag>
<tag>Setter</tag>
<doc>Simulates mouse click on the element found by ``selector``.</doc>
<status status="PASS" start="2025-04-18T22:33:30.616869" elapsed="0.039066"/>
</kw>
<status status="PASS" start="2025-04-18T22:33:30.616239" elapsed="0.039806"/>
</kw>
<status status="PASS" start="2025-04-18T22:33:27.315151" elapsed="3.340931"/>
</kw>
<kw name="Click Notification Menu from sidebar" owner="notification_keyword">
<kw name="Click" owner="Browser">
<msg time="2025-04-18T22:33:30.656895" level="INFO">Clicks the element 'id=menu-Backoffice-Notification'.</msg>
<arg>${NOTIFICATION_MENU}</arg>
<tag>PageContent</tag>
<tag>Setter</tag>
<doc>Simulates mouse click on the element found by ``selector``.</doc>
<status status="PASS" start="2025-04-18T22:33:30.656551" elapsed="1.372569"/>
</kw>
<kw name="Wait For Navigation" owner="Browser">
<arg>${BASE_URL}${ENDPOINT_NOTIFICATION_URL}</arg>
<tag>HTTP</tag>
<tag>Wait</tag>
<doc>Waits until page has navigated to given ``url``.</doc>
<status status="PASS" start="2025-04-18T22:33:32.029311" elapsed="0.323970"/>
</kw>
<status status="PASS" start="2025-04-18T22:33:30.656220" elapsed="1.697183"/>
</kw>
<kw name="Click new notification button" owner="notification_keyword">
<kw name="Click" owner="Browser">
<msg time="2025-04-18T22:33:32.354398" level="INFO">Clicks the element 'id=backoffice-backofficeNotification-newNotificationButton'.</msg>
<arg>${NEW_NOTIFICATION_BUTTON}</arg>
<tag>PageContent</tag>
<tag>Setter</tag>
<doc>Simulates mouse click on the element found by ``selector``.</doc>
<status status="PASS" start="2025-04-18T22:33:32.353978" elapsed="0.180179"/>
</kw>
<kw name="Wait For Navigation" owner="Browser">
<arg>${BASE_URL}${ENDPOINT_NOTIFICATION_URL}${ENDPOINT_CREATE_NOTIFICATION_URL}</arg>
<tag>HTTP</tag>
<tag>Wait</tag>
<doc>Waits until page has navigated to given ``url``.</doc>
<status status="PASS" start="2025-04-18T22:33:32.534330" elapsed="0.174777"/>
</kw>
<status status="PASS" start="2025-04-18T22:33:32.353556" elapsed="0.355780"/>
</kw>
<status status="PASS" start="2025-04-18T22:33:27.314806" elapsed="5.394577"/>
</kw>
<kw name="Fill title field in new notification page" owner="notification_keyword">
<kw name="Fill Text" owner="Browser">
<msg time="2025-04-18T22:33:32.710613" level="INFO">Fills the text 'create_1744990407314' in the given field.</msg>
<arg>${TITLE_FIELD}</arg>
<arg>${VALUE}</arg>
<tag>PageContent</tag>
<tag>Setter</tag>
<doc>Clears and fills the given ``txt`` into the text field found by ``selector``.</doc>
<status status="PASS" start="2025-04-18T22:33:32.710239" elapsed="0.039796"/>
</kw>
<arg>create_${UNIQUE_VALUE}</arg>
<status status="PASS" start="2025-04-18T22:33:32.709759" elapsed="0.040388"/>
</kw>
<kw name="Fill content field in new notification page" owner="notification_keyword">
<kw name="Fill Text" owner="Browser">
<msg time="2025-04-18T22:33:32.751058" level="INFO">Fills the text 'create_1744990407314' in the given field.</msg>
<arg>${CONTENT_FIELD}</arg>
<arg>${VALUE}</arg>
<tag>PageContent</tag>
<tag>Setter</tag>
<doc>Clears and fills the given ``txt`` into the text field found by ``selector``.</doc>
<status status="PASS" start="2025-04-18T22:33:32.750730" elapsed="0.012664"/>
</kw>
<arg>create_${UNIQUE_VALUE}</arg>
<status status="PASS" start="2025-04-18T22:33:32.750398" elapsed="0.013152"/>
</kw>
<kw name="Select coupon option in notification type" owner="notification_keyword">
<kw name="Click" owner="Browser">
<msg time="2025-04-18T22:33:32.765012" level="INFO">Clicks the element 'id=backoffice-notification-notificationTypeField'.</msg>
<arg>${NOTIF_TYPE_FIELD}</arg>
<tag>PageContent</tag>
<tag>Setter</tag>
<doc>Simulates mouse click on the element found by ``selector``.</doc>
<status status="PASS" start="2025-04-18T22:33:32.764573" elapsed="0.085073"/>
</kw>
<kw name="Click" owner="Browser">
<msg time="2025-04-18T22:33:32.850305" level="INFO">Clicks the element 'id=menuItem-COUPON'.</msg>
<arg>${COUPON_OPTION_NOTIF_TYPE}</arg>
<tag>PageContent</tag>
<tag>Setter</tag>
<doc>Simulates mouse click on the element found by ``selector``.</doc>
<status status="PASS" start="2025-04-18T22:33:32.849831" elapsed="0.245940"/>
</kw>
<status status="PASS" start="2025-04-18T22:33:32.763925" elapsed="0.331955"/>
</kw>
<kw name="Fill notification url field in new notification page" owner="notification_keyword">
<kw name="Fill Text" owner="Browser">
<msg time="2025-04-18T22:33:33.096853" level="INFO">Fills the text 'https://www.google.com/' in the given field.</msg>
<arg>${NOTIFICATION_URL_FIELD}</arg>
<arg>${VALUE}</arg>
<tag>PageContent</tag>
<tag>Setter</tag>
<doc>Clears and fills the given ``txt`` into the text field found by ``selector``.</doc>
<status status="PASS" start="2025-04-18T22:33:33.096451" elapsed="0.014461"/>
</kw>
<arg>${URL}</arg>
<status status="PASS" start="2025-04-18T22:33:33.096113" elapsed="0.014911"/>
</kw>
<kw name="Select coupon" owner="notification_keyword">
<kw name="Click" owner="Browser">
<msg time="2025-04-18T22:33:33.112015" level="INFO">Clicks the element 'id=backoffice-notification-couponTypeField'.</msg>
<arg>${COUPON_FIELD}</arg>
<tag>PageContent</tag>
<tag>Setter</tag>
<doc>Simulates mouse click on the element found by ``selector``.</doc>
<status status="PASS" start="2025-04-18T22:33:33.111644" elapsed="0.840923"/>
</kw>
<kw name="Get Elements" owner="Browser">
<msg time="2025-04-18T22:33:33.960770" level="INFO">Found locator('ul[aria-labelledby="backoffice-notification-couponTypeField-label"] li[role="option"]').first(),locator('ul[aria-labelledby="backoffice-notification-couponTypeField-label"] li[role="option"]').nth(1),locator('ul[aria-labelledby="backoffice-notification-couponTypeField-label"] li[role="option"]').nth(2),locator('ul[aria-labelledby="backoffice-notification-couponTypeField-label"] li[role="option"]').nth(3),locator('ul[aria-labelledby="backoffice-notification-couponTypeField-label"] li[role="option"]').nth(4),locator('ul[aria-labelledby="backoffice-notification-couponTypeField-label"] li[role="option"]').nth(5),locator('ul[aria-labelledby="backoffice-notification-couponTypeField-label"] li[role="option"]').nth(6),locator('ul[aria-labelledby="backoffice-notification-couponTypeField-label"] li[role="option"]').nth(7),locator('ul[aria-labelledby="backoffice-notification-couponTypeField-label"] li[role="option"]').nth(8),locator('ul[aria-labelledby="backoffice-notification-couponTypeField-label"] li[role="option"]').nth(9),locator('ul[aria-labelledby="backoffice-notification-couponTypeField-label"] li[role="option"]').nth(10) Locators successfully.</msg>
<msg time="2025-04-18T22:33:33.961019" level="INFO">${OPTIONS} = ['ul[aria-labelledby="backoffice-notification-couponTypeField-label"] li[role="option"] &gt;&gt; nth=0', 'ul[aria-labelledby="backoffice-notification-couponTypeField-label"] li[role="option"] &gt;&gt; nth=1', 'ul...</msg>
<var>${OPTIONS}</var>
<arg>${DROPDOWN_CONTAINER}</arg>
<tag>Getter</tag>
<tag>PageContent</tag>
<doc>Returns a reference to Playwright [https://playwright.dev/docs/api/class-locator|Locator]
for all matched elements by ``selector``.</doc>
<status status="PASS" start="2025-04-18T22:33:33.952752" elapsed="0.008290"/>
</kw>
<kw name="Get Length" owner="BuiltIn">
<msg time="2025-04-18T22:33:33.961477" level="INFO">Length is 11.</msg>
<msg time="2025-04-18T22:33:33.961528" level="INFO">${COUNT} = 11</msg>
<var>${COUNT}</var>
<arg>${OPTIONS}</arg>
<doc>Returns and logs the length of the given item as an integer.</doc>
<status status="PASS" start="2025-04-18T22:33:33.961195" elapsed="0.000347"/>
</kw>
<kw name="Evaluate" owner="BuiltIn">
<msg time="2025-04-18T22:33:33.961858" level="INFO">${INDEX} = 2</msg>
<var>${INDEX}</var>
<arg>__import__('random').randint(0, ${count} - 1)</arg>
<doc>Evaluates the given expression in Python and returns the result.</doc>
<status status="PASS" start="2025-04-18T22:33:33.961631" elapsed="0.000244"/>
</kw>
<kw name="Click" owner="Browser">
<msg time="2025-04-18T22:33:33.962543" level="INFO">Clicks the element 'ul[aria-labelledby="backoffice-notification-couponTypeField-label"] li[role="option"] &gt;&gt; nth=2'.</msg>
<arg>${OPTIONS}[${INDEX}]</arg>
<tag>PageContent</tag>
<tag>Setter</tag>
<doc>Simulates mouse click on the element found by ``selector``.</doc>
<status status="PASS" start="2025-04-18T22:33:33.962089" elapsed="0.309400"/>
</kw>
<status status="PASS" start="2025-04-18T22:33:33.111283" elapsed="1.160353"/>
</kw>
<kw name="Select send notification type" owner="notification_keyword">
<kw name="Click" owner="Browser">
<msg time="2025-04-18T22:33:34.272934" level="INFO">Clicks the element 'id=backoffice-notification-notificationSendTypesField'.</msg>
<arg>${SEND_NOTIF_TYPE_FIELD}</arg>
<tag>PageContent</tag>
<tag>Setter</tag>
<doc>Simulates mouse click on the element found by ``selector``.</doc>
<status status="PASS" start="2025-04-18T22:33:34.272495" elapsed="0.827022"/>
</kw>
<kw name="Get Elements" owner="Browser">
<msg time="2025-04-18T22:33:35.106548" level="INFO">Found locator('ul[aria-labelledby="backoffice-notification-notificationSendTypesField-label"] li[role="option"]').first(),locator('ul[aria-labelledby="backoffice-notification-notificationSendTypesField-label"] li[role="option"]').nth(1),locator('ul[aria-labelledby="backoffice-notification-notificationSendTypesField-label"] li[role="option"]').nth(2) Locators successfully.</msg>
<msg time="2025-04-18T22:33:35.106837" level="INFO">${OPTIONS} = ['ul[aria-labelledby="backoffice-notification-notificationSendTypesField-label"] li[role="option"] &gt;&gt; nth=0', 'ul[aria-labelledby="backoffice-notification-notificationSendTypesField-label"] li[role="o...</msg>
<var>${OPTIONS}</var>
<arg>${DROPDOWN_CONTAINER}</arg>
<tag>Getter</tag>
<tag>PageContent</tag>
<doc>Returns a reference to Playwright [https://playwright.dev/docs/api/class-locator|Locator]
for all matched elements by ``selector``.</doc>
<status status="PASS" start="2025-04-18T22:33:35.099734" elapsed="0.007125"/>
</kw>
<kw name="Get Length" owner="BuiltIn">
<msg time="2025-04-18T22:33:35.107507" level="INFO">Length is 3.</msg>
<msg time="2025-04-18T22:33:35.107562" level="INFO">${COUNT} = 3</msg>
<var>${COUNT}</var>
<arg>${OPTIONS}</arg>
<doc>Returns and logs the length of the given item as an integer.</doc>
<status status="PASS" start="2025-04-18T22:33:35.107034" elapsed="0.000543"/>
</kw>
<kw name="Evaluate" owner="BuiltIn">
<msg time="2025-04-18T22:33:35.107970" level="INFO">${INDEX} = 1</msg>
<var>${INDEX}</var>
<arg>__import__('random').randint(0, ${count} - 1)</arg>
<doc>Evaluates the given expression in Python and returns the result.</doc>
<status status="PASS" start="2025-04-18T22:33:35.107693" elapsed="0.000294"/>
</kw>
<kw name="Click" owner="Browser">
<msg time="2025-04-18T22:33:35.108397" level="INFO">Clicks the element 'ul[aria-labelledby="backoffice-notification-notificationSendTypesField-label"] li[role="option"] &gt;&gt; nth=1'.</msg>
<arg>${OPTIONS}[${INDEX}]</arg>
<tag>PageContent</tag>
<tag>Setter</tag>
<doc>Simulates mouse click on the element found by ``selector``.</doc>
<status status="PASS" start="2025-04-18T22:33:35.108077" elapsed="0.188467"/>
</kw>
<status status="PASS" start="2025-04-18T22:33:34.271929" elapsed="1.024793"/>
</kw>
<kw name="Active send Now" owner="notification_keyword">
<kw name="Check Checkbox" owner="Browser">
<arg>${SEND_NOW_CHECKBOX}</arg>
<tag>PageContent</tag>
<tag>Setter</tag>
<doc>Checks the checkbox or selects radio button found by ``selector``.</doc>
<status status="PASS" start="2025-04-18T22:33:35.297555" elapsed="0.826031"/>
</kw>
<status status="PASS" start="2025-04-18T22:33:35.297129" elapsed="0.826563"/>
</kw>
<kw name="Upload push notification image" owner="notification_keyword">
<kw name="Upload File By Selector" owner="Browser">
<arg>${PUSH_NOTIFICATION_IMAGE_FIELD}</arg>
<arg>../assets/${FILE}</arg>
<tag>PageContent</tag>
<tag>Setter</tag>
<doc>Uploads file from ``path`` to file input element matched by selector.</doc>
<status status="PASS" start="2025-04-18T22:33:36.124348" elapsed="0.022029"/>
</kw>
<arg>${IMAGE_100KB}</arg>
<status status="PASS" start="2025-04-18T22:33:36.123935" elapsed="0.022593"/>
</kw>
<kw name="Upload home screen image" owner="notification_keyword">
<kw name="Upload File By Selector" owner="Browser">
<arg>${HOME_SCREEN_IMAGE_FIELD}</arg>
<arg>../assets/${FILE}</arg>
<tag>PageContent</tag>
<tag>Setter</tag>
<doc>Uploads file from ``path`` to file input element matched by selector.</doc>
<status status="PASS" start="2025-04-18T22:33:36.147465" elapsed="0.015459"/>
</kw>
<arg>${IMAGE_100KB}</arg>
<status status="PASS" start="2025-04-18T22:33:36.146867" elapsed="0.016170"/>
</kw>
<kw name="Click save button in create notification Page" owner="notification_keyword">
<kw name="Sleep" owner="BuiltIn">
<msg time="2025-04-18T22:33:36.664689" level="INFO">Slept 500 milliseconds.</msg>
<arg>.5s</arg>
<doc>Pauses the test executed for the given time.</doc>
<status status="PASS" start="2025-04-18T22:33:36.163845" elapsed="0.500979"/>
</kw>
<kw name="Click" owner="Browser">
<msg time="2025-04-18T22:33:36.665859" level="INFO">Clicks the element 'id=backoffice-notification-saveButton'.</msg>
<arg>${SAVE_BTN}</arg>
<tag>PageContent</tag>
<tag>Setter</tag>
<doc>Simulates mouse click on the element found by ``selector``.</doc>
<status status="PASS" start="2025-04-18T22:33:36.665052" elapsed="0.103473"/>
</kw>
<status status="PASS" start="2025-04-18T22:33:36.163337" elapsed="0.605309"/>
</kw>
<kw name="Validate modal message is" owner="notification_keyword">
<kw name="Get Text" owner="Browser">
<msg time="2025-04-18T22:33:36.883525" level="INFO">Text: 'Could not send push notification if notification type is COUPON or INFORMATION'</msg>
<msg time="2025-04-18T22:33:36.883740" level="INFO">${CURR_MSG} = Could not send push notification if notification type is COUPON or INFORMATION</msg>
<var>${CURR_MSG}</var>
<arg>text=${EXPECTED_MESSAGE}</arg>
<tag>Assertion</tag>
<tag>Getter</tag>
<tag>PageContent</tag>
<doc>Returns text attribute of the element found by ``selector``.</doc>
<status status="PASS" start="2025-04-18T22:33:36.769297" elapsed="0.114470"/>
</kw>
<kw name="Should Be Equal" owner="BuiltIn">
<arg>${CURR_MSG}</arg>
<arg>${EXPECTED_MESSAGE}</arg>
<doc>Fails if the given objects are unequal.</doc>
<status status="PASS" start="2025-04-18T22:33:36.883943" elapsed="0.000288"/>
</kw>
<arg>${MODAL_MSG_NOTIF_TYPE_TEXT}</arg>
<status status="PASS" start="2025-04-18T22:33:36.768915" elapsed="0.115371"/>
</kw>
<kw name="Close Browser" owner="Browser" type="TEARDOWN">
<msg time="2025-04-18T22:33:37.095541" level="INFO">Closed browser</msg>
<tag>BrowserControl</tag>
<tag>Setter</tag>
<doc>Closes the current browser.</doc>
<status status="PASS" start="2025-04-18T22:33:36.884517" elapsed="0.211202"/>
</kw>
<status status="PASS" start="2025-04-18T22:33:27.052559" elapsed="10.043350"/>
</test>
<status status="PASS" start="2025-04-18T22:30:43.116229" elapsed="174.003641"/>
</suite>
<statistics>
<total>
<stat pass="27" fail="0" skip="0">All Tests</stat>
</total>
<tag>
</tag>
<suite>
<stat name="Notification.Test" id="s1" pass="27" fail="0" skip="0">Notification.Test</stat>
</suite>
</statistics>
<errors>
</errors>
</robot>
